# JRE version: OpenJDK Runtime Environment (8.0_152-b01) (build 1.8.0_152-release-1343-b01)
# Java VM: OpenJDK 64-Bit Server VM (25.152-b01 mixed mode windows-amd64 compressed oops)
Heap:
 PSYoungGen      total 203264K, used 102729K [0x00000000e0000000, 0x00000000ee680000, 0x0000000100000000)
  eden space 188416K, 46% used [0x00000000e0000000,0x00000000e560b298,0x00000000eb800000)
  from space 14848K, 98% used [0x00000000ec600000,0x00000000ed447368,0x00000000ed480000)
  to   space 18432K, 0% used [0x00000000ed480000,0x00000000ed480000,0x00000000ee680000)
 ParOldGen       total 142848K, used 48516K [0x00000000a0000000, 0x00000000a8b80000, 0x00000000e0000000)
  object space 142848K, 33% used [0x00000000a0000000,0x00000000a2f612c8,0x00000000a8b80000)
 Metaspace       used 91030K, capacity 96170K, committed 96280K, reserved 1132544K
  class space    used 11685K, capacity 12556K, committed 12568K, reserved 1048576K
GC Heap History (10 events):
Event: 54.538 GC heap before
{Heap before GC invocations=18 (full 3):
 PSYoungGen      total 204800K, used 187296K [0x00000000e0000000, 0x00000000ede80000, 0x0000000100000000)
  eden space 183808K, 100% used [0x00000000e0000000,0x00000000eb380000,0x00000000eb380000)
  from space 20992K, 16% used [0x00000000ec800000,0x00000000ecb683e0,0x00000000edc80000)
  to   space 20992K, 0% used [0x00000000eb380000,0x00000000eb380000,0x00000000ec800000)
 ParOldGen       total 142848K, used 48476K [0x00000000a0000000, 0x00000000a8b80000, 0x00000000e0000000)
  object space 142848K, 33% used [0x00000000a0000000,0x00000000a2f572c8,0x00000000a8b80000)
 Metaspace       used 79002K, capacity 82718K, committed 82840K, reserved 1120256K
  class space    used 10415K, capacity 11088K, committed 11160K, reserved 1048576K
Event: 54.549 GC heap after
Heap after GC invocations=18 (full 3):
 PSYoungGen      total 204800K, used 11790K [0x00000000e0000000, 0x00000000ef080000, 0x0000000100000000)
  eden space 183808K, 0% used [0x00000000e0000000,0x00000000e0000000,0x00000000eb380000)
  from space 20992K, 56% used [0x00000000eb380000,0x00000000ebf03900,0x00000000ec800000)
  to   space 20480K, 0% used [0x00000000edc80000,0x00000000edc80000,0x00000000ef080000)
 ParOldGen       total 142848K, used 48484K [0x00000000a0000000, 0x00000000a8b80000, 0x00000000e0000000)
  object space 142848K, 33% used [0x00000000a0000000,0x00000000a2f592c8,0x00000000a8b80000)
 Metaspace       used 79002K, capacity 82718K, committed 82840K, reserved 1120256K
  class space    used 10415K, capacity 11088K, committed 11160K, reserved 1048576K
}
Event: 104.220 GC heap before
{Heap before GC invocations=19 (full 3):
 PSYoungGen      total 204800K, used 195598K [0x00000000e0000000, 0x00000000ef080000, 0x0000000100000000)
  eden space 183808K, 100% used [0x00000000e0000000,0x00000000eb380000,0x00000000eb380000)
  from space 20992K, 56% used [0x00000000eb380000,0x00000000ebf03900,0x00000000ec800000)
  to   space 20480K, 0% used [0x00000000edc80000,0x00000000edc80000,0x00000000ef080000)
 ParOldGen       total 142848K, used 48484K [0x00000000a0000000, 0x00000000a8b80000, 0x00000000e0000000)
  object space 142848K, 33% used [0x00000000a0000000,0x00000000a2f592c8,0x00000000a8b80000)
 Metaspace       used 87686K, capacity 91914K, committed 92184K, reserved 1128448K
  class space    used 11476K, capacity 12234K, committed 12312K, reserved 1048576K
Event: 104.243 GC heap after
Heap after GC invocations=19 (full 3):
 PSYoungGen      total 221696K, used 19988K [0x00000000e0000000, 0x00000000ef280000, 0x0000000100000000)
  eden space 201216K, 0% used [0x00000000e0000000,0x00000000e0000000,0x00000000ec480000)
  from space 20480K, 97% used [0x00000000edc80000,0x00000000ef005148,0x00000000ef080000)
  to   space 23552K, 0% used [0x00000000ec480000,0x00000000ec480000,0x00000000edb80000)
 ParOldGen       total 142848K, used 48492K [0x00000000a0000000, 0x00000000a8b80000, 0x00000000e0000000)
  object space 142848K, 33% used [0x00000000a0000000,0x00000000a2f5b2c8,0x00000000a8b80000)
 Metaspace       used 87686K, capacity 91914K, committed 92184K, reserved 1128448K
  class space    used 11476K, capacity 12234K, committed 12312K, reserved 1048576K
}
Event: 149.033 GC heap before
{Heap before GC invocations=20 (full 3):
 PSYoungGen      total 221696K, used 221204K [0x00000000e0000000, 0x00000000ef280000, 0x0000000100000000)
  eden space 201216K, 100% used [0x00000000e0000000,0x00000000ec480000,0x00000000ec480000)
  from space 20480K, 97% used [0x00000000edc80000,0x00000000ef005148,0x00000000ef080000)
  to   space 23552K, 0% used [0x00000000ec480000,0x00000000ec480000,0x00000000edb80000)
 ParOldGen       total 142848K, used 48492K [0x00000000a0000000, 0x00000000a8b80000, 0x00000000e0000000)
  object space 142848K, 33% used [0x00000000a0000000,0x00000000a2f5b2c8,0x00000000a8b80000)
 Metaspace       used 88639K, capacity 92946K, committed 93208K, reserved 1130496K
  class space    used 11523K, capacity 12276K, committed 12312K, reserved 1048576K
Event: 149.058 GC heap after
Heap after GC invocations=20 (full 3):
 PSYoungGen      total 224768K, used 16565K [0x00000000e0000000, 0x00000000efd80000, 0x0000000100000000)
  eden space 201216K, 0% used [0x00000000e0000000,0x00000000e0000000,0x00000000ec480000)
  from space 23552K, 70% used [0x00000000ec480000,0x00000000ed4ad420,0x00000000edb80000)
  to   space 24064K, 0% used [0x00000000ee600000,0x00000000ee600000,0x00000000efd80000)
 ParOldGen       total 142848K, used 48500K [0x00000000a0000000, 0x00000000a8b80000, 0x00000000e0000000)
  object space 142848K, 33% used [0x00000000a0000000,0x00000000a2f5d2c8,0x00000000a8b80000)
 Metaspace       used 88639K, capacity 92946K, committed 93208K, reserved 1130496K
  class space    used 11523K, capacity 12276K, committed 12312K, reserved 1048576K
}
Event: 432.299 GC heap before
{Heap before GC invocations=21 (full 3):
 PSYoungGen      total 224768K, used 217781K [0x00000000e0000000, 0x00000000efd80000, 0x0000000100000000)
  eden space 201216K, 100% used [0x00000000e0000000,0x00000000ec480000,0x00000000ec480000)
  from space 23552K, 70% used [0x00000000ec480000,0x00000000ed4ad420,0x00000000edb80000)
  to   space 24064K, 0% used [0x00000000ee600000,0x00000000ee600000,0x00000000efd80000)
 ParOldGen       total 142848K, used 48500K [0x00000000a0000000, 0x00000000a8b80000, 0x00000000e0000000)
  object space 142848K, 33% used [0x00000000a0000000,0x00000000a2f5d2c8,0x00000000a8b80000)
 Metaspace       used 89547K, capacity 93986K, committed 94104K, reserved 1130496K
  class space    used 11555K, capacity 12330K, committed 12440K, reserved 1048576K
Event: 432.316 GC heap after
Heap after GC invocations=21 (full 3):
 PSYoungGen      total 208896K, used 13831K [0x00000000e0000000, 0x00000000ef400000, 0x0000000100000000)
  eden space 194560K, 0% used [0x00000000e0000000,0x00000000e0000000,0x00000000ebe00000)
  from space 14336K, 96% used [0x00000000ee600000,0x00000000ef381d10,0x00000000ef400000)
  to   space 23552K, 0% used [0x00000000ec600000,0x00000000ec600000,0x00000000edd00000)
 ParOldGen       total 142848K, used 48508K [0x00000000a0000000, 0x00000000a8b80000, 0x00000000e0000000)
  object space 142848K, 33% used [0x00000000a0000000,0x00000000a2f5f2c8,0x00000000a8b80000)
 Metaspace       used 89547K, capacity 93986K, committed 94104K, reserved 1130496K
  class space    used 11555K, capacity 12330K, committed 12440K, reserved 1048576K
}
Event: 452.357 GC heap before
{Heap before GC invocations=22 (full 3):
 PSYoungGen      total 208896K, used 208391K [0x00000000e0000000, 0x00000000ef400000, 0x0000000100000000)
  eden space 194560K, 100% used [0x00000000e0000000,0x00000000ebe00000,0x00000000ebe00000)
  from space 14336K, 96% used [0x00000000ee600000,0x00000000ef381d10,0x00000000ef400000)
  to   space 23552K, 0% used [0x00000000ec600000,0x00000000ec600000,0x00000000edd00000)
 ParOldGen       total 142848K, used 48508K [0x00000000a0000000, 0x00000000a8b80000, 0x00000000e0000000)
  object space 142848K, 33% used [0x00000000a0000000,0x00000000a2f5f2c8,0x00000000a8b80000)
 Metaspace       used 90471K, capacity 95132K, committed 95384K, reserved 1132544K
  class space    used 11614K, capacity 12427K, committed 12440K, reserved 1048576K
Event: 452.374 GC heap after
Heap after GC invocations=22 (full 3):
 PSYoungGen      total 203264K, used 14620K [0x00000000e0000000, 0x00000000ee680000, 0x0000000100000000)
  eden space 188416K, 0% used [0x00000000e0000000,0x00000000e0000000,0x00000000eb800000)
  from space 14848K, 98% used [0x00000000ec600000,0x00000000ed447368,0x00000000ed480000)
  to   space 18432K, 0% used [0x00000000ed480000,0x00000000ed480000,0x00000000ee680000)
 ParOldGen       total 142848K, used 48516K [0x00000000a0000000, 0x00000000a8b80000, 0x00000000e0000000)
  object space 142848K, 33% used [0x00000000a0000000,0x00000000a2f612c8,0x00000000a8b80000)
 Metaspace       used 90471K, capacity 95132K, committed 95384K, reserved 1132544K
  class space    used 11614K, capacity 12427K, committed 12440K, reserved 1048576K
}

