# JRE version: OpenJDK Runtime Environment (8.0_152-b01) (build 1.8.0_152-release-1343-b01)
# Java VM: OpenJDK 64-Bit Server VM (25.152-b01 mixed mode windows-amd64 compressed oops)
Heap:
 PSYoungGen      total 182272K, used 89952K [0x00000000e0000000, 0x00000000f0100000, 0x0000000100000000)
  eden space 154624K, 40% used [0x00000000e0000000,0x00000000e3cdf2e0,0x00000000e9700000)
  from space 27648K, 99% used [0x00000000ebd00000,0x00000000ed7f8e50,0x00000000ed800000)
  to   space 38912K, 0% used [0x00000000e9700000,0x00000000e9700000,0x00000000ebd00000)
 ParOldGen       total 176128K, used 46683K [0x00000000a0000000, 0x00000000aac00000, 0x00000000e0000000)
  object space 176128K, 26% used [0x00000000a0000000,0x00000000a2d96ec8,0x00000000aac00000)
 Metaspace       used 97026K, capacity 103368K, committed 103704K, reserved 1140736K
  class space    used 12183K, capacity 13220K, committed 13352K, reserved 1048576K
GC Heap History (10 events):
Event: 9196.914 GC heap before
{Heap before GC invocations=36 (full 4):
 PSYoungGen      total 159232K, used 147422K [0x00000000e0000000, 0x00000000ec000000, 0x0000000100000000)
  eden space 138240K, 100% used [0x00000000e0000000,0x00000000e8700000,0x00000000e8700000)
  from space 20992K, 43% used [0x00000000e8700000,0x00000000e8ff78b0,0x00000000e9b80000)
  to   space 19968K, 0% used [0x00000000eac80000,0x00000000eac80000,0x00000000ec000000)
 ParOldGen       total 176128K, used 39835K [0x00000000a0000000, 0x00000000aac00000, 0x00000000e0000000)
  object space 176128K, 22% used [0x00000000a0000000,0x00000000a26e6ee8,0x00000000aac00000)
 Metaspace       used 95456K, capacity 101770K, committed 102424K, reserved 1138688K
  class space    used 12061K, capacity 13123K, committed 13352K, reserved 1048576K
Event: 9196.940 GC heap after
Heap after GC invocations=36 (full 4):
 PSYoungGen      total 173056K, used 19937K [0x00000000e0000000, 0x00000000ec400000, 0x0000000100000000)
  eden space 153088K, 0% used [0x00000000e0000000,0x00000000e0000000,0x00000000e9580000)
  from space 19968K, 99% used [0x00000000eac80000,0x00000000ebff8528,0x00000000ec000000)
  to   space 23552K, 0% used [0x00000000e9580000,0x00000000e9580000,0x00000000eac80000)
 ParOldGen       total 176128K, used 42024K [0x00000000a0000000, 0x00000000aac00000, 0x00000000e0000000)
  object space 176128K, 23% used [0x00000000a0000000,0x00000000a290a118,0x00000000aac00000)
 Metaspace       used 95456K, capacity 101770K, committed 102424K, reserved 1138688K
  class space    used 12061K, capacity 13123K, committed 13352K, reserved 1048576K
}
Event: 9201.594 GC heap before
{Heap before GC invocations=37 (full 4):
 PSYoungGen      total 173056K, used 173025K [0x00000000e0000000, 0x00000000ec400000, 0x0000000100000000)
  eden space 153088K, 100% used [0x00000000e0000000,0x00000000e9580000,0x00000000e9580000)
  from space 19968K, 99% used [0x00000000eac80000,0x00000000ebff8528,0x00000000ec000000)
  to   space 23552K, 0% used [0x00000000e9580000,0x00000000e9580000,0x00000000eac80000)
 ParOldGen       total 176128K, used 42024K [0x00000000a0000000, 0x00000000aac00000, 0x00000000e0000000)
  object space 176128K, 23% used [0x00000000a0000000,0x00000000a290a118,0x00000000aac00000)
 Metaspace       used 96408K, capacity 102720K, committed 103192K, reserved 1138688K
  class space    used 12155K, capacity 13212K, committed 13352K, reserved 1048576K
Event: 9201.614 GC heap after
Heap after GC invocations=37 (full 4):
 PSYoungGen      total 176640K, used 23541K [0x00000000e0000000, 0x00000000ed800000, 0x0000000100000000)
  eden space 153088K, 0% used [0x00000000e0000000,0x00000000e0000000,0x00000000e9580000)
  from space 23552K, 99% used [0x00000000e9580000,0x00000000eac7d6f8,0x00000000eac80000)
  to   space 27648K, 0% used [0x00000000ebd00000,0x00000000ebd00000,0x00000000ed800000)
 ParOldGen       total 176128K, used 44695K [0x00000000a0000000, 0x00000000aac00000, 0x00000000e0000000)
  object space 176128K, 25% used [0x00000000a0000000,0x00000000a2ba5e90,0x00000000aac00000)
 Metaspace       used 96408K, capacity 102720K, committed 103192K, reserved 1138688K
  class space    used 12155K, capacity 13212K, committed 13352K, reserved 1048576K
}
Event: 9201.876 GC heap before
{Heap before GC invocations=38 (full 4):
 PSYoungGen      total 176640K, used 176629K [0x00000000e0000000, 0x00000000ed800000, 0x0000000100000000)
  eden space 153088K, 100% used [0x00000000e0000000,0x00000000e9580000,0x00000000e9580000)
  from space 23552K, 99% used [0x00000000e9580000,0x00000000eac7d6f8,0x00000000eac80000)
  to   space 27648K, 0% used [0x00000000ebd00000,0x00000000ebd00000,0x00000000ed800000)
 ParOldGen       total 176128K, used 44695K [0x00000000a0000000, 0x00000000aac00000, 0x00000000e0000000)
  object space 176128K, 25% used [0x00000000a0000000,0x00000000a2ba5e90,0x00000000aac00000)
 Metaspace       used 96631K, capacity 102940K, committed 103448K, reserved 1138688K
  class space    used 12181K, capacity 13218K, committed 13352K, reserved 1048576K
Event: 9201.895 GC heap after
Heap after GC invocations=38 (full 4):
 PSYoungGen      total 188928K, used 27641K [0x00000000e0000000, 0x00000000ee700000, 0x0000000100000000)
  eden space 161280K, 0% used [0x00000000e0000000,0x00000000e0000000,0x00000000e9d80000)
  from space 27648K, 99% used [0x00000000ebd00000,0x00000000ed7fe4f0,0x00000000ed800000)
  to   space 32256K, 0% used [0x00000000e9d80000,0x00000000e9d80000,0x00000000ebd00000)
 ParOldGen       total 176128K, used 45158K [0x00000000a0000000, 0x00000000aac00000, 0x00000000e0000000)
  object space 176128K, 25% used [0x00000000a0000000,0x00000000a2c19bf0,0x00000000aac00000)
 Metaspace       used 96631K, capacity 102940K, committed 103448K, reserved 1138688K
  class space    used 12181K, capacity 13218K, committed 13352K, reserved 1048576K
}
Event: 9202.160 GC heap before
{Heap before GC invocations=39 (full 4):
 PSYoungGen      total 188928K, used 188921K [0x00000000e0000000, 0x00000000ee700000, 0x0000000100000000)
  eden space 161280K, 100% used [0x00000000e0000000,0x00000000e9d80000,0x00000000e9d80000)
  from space 27648K, 99% used [0x00000000ebd00000,0x00000000ed7fe4f0,0x00000000ed800000)
  to   space 32256K, 0% used [0x00000000e9d80000,0x00000000e9d80000,0x00000000ebd00000)
 ParOldGen       total 176128K, used 45158K [0x00000000a0000000, 0x00000000aac00000, 0x00000000e0000000)
  object space 176128K, 25% used [0x00000000a0000000,0x00000000a2c19bf0,0x00000000aac00000)
 Metaspace       used 96688K, capacity 103012K, committed 103448K, reserved 1138688K
  class space    used 12181K, capacity 13218K, committed 13352K, reserved 1048576K
Event: 9202.182 GC heap after
Heap after GC invocations=39 (full 4):
 PSYoungGen      total 193536K, used 28985K [0x00000000e0000000, 0x00000000ee700000, 0x0000000100000000)
  eden space 161280K, 0% used [0x00000000e0000000,0x00000000e0000000,0x00000000e9d80000)
  from space 32256K, 89% used [0x00000000e9d80000,0x00000000eb9ce5f8,0x00000000ebd00000)
  to   space 27648K, 0% used [0x00000000ebd00000,0x00000000ebd00000,0x00000000ed800000)
 ParOldGen       total 176128K, used 45158K [0x00000000a0000000, 0x00000000aac00000, 0x00000000e0000000)
  object space 176128K, 25% used [0x00000000a0000000,0x00000000a2c19bf0,0x00000000aac00000)
 Metaspace       used 96688K, capacity 103012K, committed 103448K, reserved 1138688K
  class space    used 12181K, capacity 13218K, committed 13352K, reserved 1048576K
}
Event: 9202.473 GC heap before
{Heap before GC invocations=40 (full 4):
 PSYoungGen      total 193536K, used 190265K [0x00000000e0000000, 0x00000000ee700000, 0x0000000100000000)
  eden space 161280K, 100% used [0x00000000e0000000,0x00000000e9d80000,0x00000000e9d80000)
  from space 32256K, 89% used [0x00000000e9d80000,0x00000000eb9ce5f8,0x00000000ebd00000)
  to   space 27648K, 0% used [0x00000000ebd00000,0x00000000ebd00000,0x00000000ed800000)
 ParOldGen       total 176128K, used 45158K [0x00000000a0000000, 0x00000000aac00000, 0x00000000e0000000)
  object space 176128K, 25% used [0x00000000a0000000,0x00000000a2c19bf0,0x00000000aac00000)
 Metaspace       used 96989K, capacity 103304K, committed 103704K, reserved 1140736K
  class space    used 12183K, capacity 13220K, committed 13352K, reserved 1048576K
Event: 9202.489 GC heap after
Heap after GC invocations=40 (full 4):
 PSYoungGen      total 182272K, used 27619K [0x00000000e0000000, 0x00000000f0100000, 0x0000000100000000)
  eden space 154624K, 0% used [0x00000000e0000000,0x00000000e0000000,0x00000000e9700000)
  from space 27648K, 99% used [0x00000000ebd00000,0x00000000ed7f8e50,0x00000000ed800000)
  to   space 38912K, 0% used [0x00000000e9700000,0x00000000e9700000,0x00000000ebd00000)
 ParOldGen       total 176128K, used 46683K [0x00000000a0000000, 0x00000000aac00000, 0x00000000e0000000)
  object space 176128K, 26% used [0x00000000a0000000,0x00000000a2d96ec8,0x00000000aac00000)
 Metaspace       used 96989K, capacity 103304K, committed 103704K, reserved 1140736K
  class space    used 12183K, capacity 13220K, committed 13352K, reserved 1048576K
}

