# JRE version: OpenJDK Runtime Environment (8.0_152-b01) (build 1.8.0_152-release-1343-b01)
# Java VM: OpenJDK 64-Bit Server VM (25.152-b01 mixed mode windows-amd64 compressed oops)
Heap:
 PSYoungGen      total 247296K, used 58269K [0x00000000e0000000, 0x00000000f2a80000, 0x0000000100000000)
  eden space 230912K, 18% used [0x00000000e0000000,0x00000000e28fa810,0x00000000ee180000)
  from space 16384K, 99% used [0x00000000f0680000,0x00000000f166ce48,0x00000000f1680000)
  to   space 20480K, 0% used [0x00000000f1680000,0x00000000f1680000,0x00000000f2a80000)
 ParOldGen       total 133632K, used 50784K [0x00000000a0000000, 0x00000000a8280000, 0x00000000e0000000)
  object space 133632K, 38% used [0x00000000a0000000,0x00000000a31980a0,0x00000000a8280000)
 Metaspace       used 85296K, capacity 89418K, committed 89624K, reserved 1126400K
  class space    used 11002K, capacity 11758K, committed 11816K, reserved 1048576K
GC Heap History (10 events):
Event: 9.768 GC heap before
{Heap before GC invocations=14 (full 3):
 PSYoungGen      total 231424K, used 213504K [0x00000000e0000000, 0x00000000efa80000, 0x0000000100000000)
  eden space 213504K, 100% used [0x00000000e0000000,0x00000000ed080000,0x00000000ed080000)
  from space 17920K, 0% used [0x00000000ee400000,0x00000000ee400000,0x00000000ef580000)
  to   space 19968K, 0% used [0x00000000ed080000,0x00000000ed080000,0x00000000ee400000)
 ParOldGen       total 133632K, used 33001K [0x00000000a0000000, 0x00000000a8280000, 0x00000000e0000000)
  object space 133632K, 24% used [0x00000000a0000000,0x00000000a203a530,0x00000000a8280000)
 Metaspace       used 67218K, capacity 69674K, committed 69912K, reserved 1110016K
  class space    used 9115K, capacity 9641K, committed 9768K, reserved 1048576K
Event: 9.797 GC heap after
Heap after GC invocations=14 (full 3):
 PSYoungGen      total 233472K, used 17595K [0x00000000e0000000, 0x00000000f2480000, 0x0000000100000000)
  eden space 213504K, 0% used [0x00000000e0000000,0x00000000e0000000,0x00000000ed080000)
  from space 19968K, 88% used [0x00000000ed080000,0x00000000ee1aeda8,0x00000000ee400000)
  to   space 22016K, 0% used [0x00000000f0f00000,0x00000000f0f00000,0x00000000f2480000)
 ParOldGen       total 133632K, used 33009K [0x00000000a0000000, 0x00000000a8280000, 0x00000000e0000000)
  object space 133632K, 24% used [0x00000000a0000000,0x00000000a203c530,0x00000000a8280000)
 Metaspace       used 67218K, capacity 69674K, committed 69912K, reserved 1110016K
  class space    used 9115K, capacity 9641K, committed 9768K, reserved 1048576K
}
Event: 874.833 GC heap before
{Heap before GC invocations=15 (full 3):
 PSYoungGen      total 233472K, used 231099K [0x00000000e0000000, 0x00000000f2480000, 0x0000000100000000)
  eden space 213504K, 100% used [0x00000000e0000000,0x00000000ed080000,0x00000000ed080000)
  from space 19968K, 88% used [0x00000000ed080000,0x00000000ee1aeda8,0x00000000ee400000)
  to   space 22016K, 0% used [0x00000000f0f00000,0x00000000f0f00000,0x00000000f2480000)
 ParOldGen       total 133632K, used 33009K [0x00000000a0000000, 0x00000000a8280000, 0x00000000e0000000)
  object space 133632K, 24% used [0x00000000a0000000,0x00000000a203c530,0x00000000a8280000)
 Metaspace       used 72902K, capacity 75638K, committed 75800K, reserved 1114112K
  class space    used 9607K, capacity 10186K, committed 10280K, reserved 1048576K
Event: 874.867 GC heap after
Heap after GC invocations=15 (full 3):
 PSYoungGen      total 269824K, used 21999K [0x00000000e0000000, 0x00000000f2500000, 0x0000000100000000)
  eden space 247808K, 0% used [0x00000000e0000000,0x00000000e0000000,0x00000000ef200000)
  from space 22016K, 99% used [0x00000000f0f00000,0x00000000f247bd78,0x00000000f2480000)
  to   space 26112K, 0% used [0x00000000ef200000,0x00000000ef200000,0x00000000f0b80000)
 ParOldGen       total 133632K, used 35575K [0x00000000a0000000, 0x00000000a8280000, 0x00000000e0000000)
  object space 133632K, 26% used [0x00000000a0000000,0x00000000a22bdd50,0x00000000a8280000)
 Metaspace       used 72902K, capacity 75638K, committed 75800K, reserved 1114112K
  class space    used 9607K, capacity 10186K, committed 10280K, reserved 1048576K
}
Event: 1303.663 GC heap before
{Heap before GC invocations=16 (full 3):
 PSYoungGen      total 269824K, used 269807K [0x00000000e0000000, 0x00000000f2500000, 0x0000000100000000)
  eden space 247808K, 100% used [0x00000000e0000000,0x00000000ef200000,0x00000000ef200000)
  from space 22016K, 99% used [0x00000000f0f00000,0x00000000f247bd78,0x00000000f2480000)
  to   space 26112K, 0% used [0x00000000ef200000,0x00000000ef200000,0x00000000f0b80000)
 ParOldGen       total 133632K, used 35575K [0x00000000a0000000, 0x00000000a8280000, 0x00000000e0000000)
  object space 133632K, 26% used [0x00000000a0000000,0x00000000a22bdd50,0x00000000a8280000)
 Metaspace       used 74266K, capacity 77532K, committed 77720K, reserved 1116160K
  class space    used 9704K, capacity 10316K, committed 10408K, reserved 1048576K
Event: 1303.694 GC heap after
Heap after GC invocations=16 (full 3):
 PSYoungGen      total 273920K, used 6848K [0x00000000e0000000, 0x00000000f4300000, 0x0000000100000000)
  eden space 247808K, 0% used [0x00000000e0000000,0x00000000e0000000,0x00000000ef200000)
  from space 26112K, 26% used [0x00000000ef200000,0x00000000ef8b0000,0x00000000f0b80000)
  to   space 25600K, 0% used [0x00000000f2a00000,0x00000000f2a00000,0x00000000f4300000)
 ParOldGen       total 133632K, used 50768K [0x00000000a0000000, 0x00000000a8280000, 0x00000000e0000000)
  object space 133632K, 37% used [0x00000000a0000000,0x00000000a31940a0,0x00000000a8280000)
 Metaspace       used 74266K, capacity 77532K, committed 77720K, reserved 1116160K
  class space    used 9704K, capacity 10316K, committed 10408K, reserved 1048576K
}
Event: 2608.411 GC heap before
{Heap before GC invocations=17 (full 3):
 PSYoungGen      total 273920K, used 254656K [0x00000000e0000000, 0x00000000f4300000, 0x0000000100000000)
  eden space 247808K, 100% used [0x00000000e0000000,0x00000000ef200000,0x00000000ef200000)
  from space 26112K, 26% used [0x00000000ef200000,0x00000000ef8b0000,0x00000000f0b80000)
  to   space 25600K, 0% used [0x00000000f2a00000,0x00000000f2a00000,0x00000000f4300000)
 ParOldGen       total 133632K, used 50768K [0x00000000a0000000, 0x00000000a8280000, 0x00000000e0000000)
  object space 133632K, 37% used [0x00000000a0000000,0x00000000a31940a0,0x00000000a8280000)
 Metaspace       used 78950K, capacity 83002K, committed 83224K, reserved 1122304K
  class space    used 10254K, capacity 11034K, committed 11048K, reserved 1048576K
Event: 2608.424 GC heap after
Heap after GC invocations=17 (full 3):
 PSYoungGen      total 250880K, used 11414K [0x00000000e0000000, 0x00000000f3580000, 0x0000000100000000)
  eden space 239104K, 0% used [0x00000000e0000000,0x00000000e0000000,0x00000000ee980000)
  from space 11776K, 96% used [0x00000000f2a00000,0x00000000f3525910,0x00000000f3580000)
  to   space 24064K, 0% used [0x00000000f0680000,0x00000000f0680000,0x00000000f1e00000)
 ParOldGen       total 133632K, used 50776K [0x00000000a0000000, 0x00000000a8280000, 0x00000000e0000000)
  object space 133632K, 37% used [0x00000000a0000000,0x00000000a31960a0,0x00000000a8280000)
 Metaspace       used 78950K, capacity 83002K, committed 83224K, reserved 1122304K
  class space    used 10254K, capacity 11034K, committed 11048K, reserved 1048576K
}
Event: 2618.530 GC heap before
{Heap before GC invocations=18 (full 3):
 PSYoungGen      total 250880K, used 250518K [0x00000000e0000000, 0x00000000f3580000, 0x0000000100000000)
  eden space 239104K, 100% used [0x00000000e0000000,0x00000000ee980000,0x00000000ee980000)
  from space 11776K, 96% used [0x00000000f2a00000,0x00000000f3525910,0x00000000f3580000)
  to   space 24064K, 0% used [0x00000000f0680000,0x00000000f0680000,0x00000000f1e00000)
 ParOldGen       total 133632K, used 50776K [0x00000000a0000000, 0x00000000a8280000, 0x00000000e0000000)
  object space 133632K, 37% used [0x00000000a0000000,0x00000000a31960a0,0x00000000a8280000)
 Metaspace       used 83000K, capacity 87050K, committed 87320K, reserved 1124352K
  class space    used 10748K, capacity 11502K, committed 11560K, reserved 1048576K
Event: 2618.544 GC heap after
Heap after GC invocations=18 (full 3):
 PSYoungGen      total 247296K, used 16307K [0x00000000e0000000, 0x00000000f2a80000, 0x0000000100000000)
  eden space 230912K, 0% used [0x00000000e0000000,0x00000000e0000000,0x00000000ee180000)
  from space 16384K, 99% used [0x00000000f0680000,0x00000000f166ce48,0x00000000f1680000)
  to   space 20480K, 0% used [0x00000000f1680000,0x00000000f1680000,0x00000000f2a80000)
 ParOldGen       total 133632K, used 50784K [0x00000000a0000000, 0x00000000a8280000, 0x00000000e0000000)
  object space 133632K, 38% used [0x00000000a0000000,0x00000000a31980a0,0x00000000a8280000)
 Metaspace       used 83000K, capacity 87050K, committed 87320K, reserved 1124352K
  class space    used 10748K, capacity 11502K, committed 11560K, reserved 1048576K
}

