# JRE version: OpenJDK Runtime Environment (8.0_152-b01) (build 1.8.0_152-release-1343-b01)
# Java VM: OpenJDK 64-Bit Server VM (25.152-b01 mixed mode windows-amd64 compressed oops)
Heap:
 PSYoungGen      total 248320K, used 90381K [0x00000000e0000000, 0x00000000f4100000, 0x0000000100000000)
  eden space 218624K, 27% used [0x00000000e0000000,0x00000000e3b45550,0x00000000ed580000)
  from space 29696K, 99% used [0x00000000ed580000,0x00000000ef27e0a0,0x00000000ef280000)
  to   space 41472K, 0% used [0x00000000f1880000,0x00000000f1880000,0x00000000f4100000)
 ParOldGen       total 145920K, used 61510K [0x00000000a0000000, 0x00000000a8e80000, 0x00000000e0000000)
  object space 145920K, 42% used [0x00000000a0000000,0x00000000a3c11968,0x00000000a8e80000)
 Metaspace       used 71205K, capacity 73724K, committed 74008K, reserved 1114112K
  class space    used 9399K, capacity 9909K, committed 10024K, reserved 1048576K
GC Heap History (10 events):
Event: 5.714 GC heap before
{Heap before GC invocations=12 (full 2):
 PSYoungGen      total 165376K, used 107826K [0x00000000e0000000, 0x00000000edd00000, 0x0000000100000000)
  eden space 152064K, 62% used [0x00000000e0000000,0x00000000e5c522d0,0x00000000e9480000)
  from space 13312K, 99% used [0x00000000e9480000,0x00000000ea17a618,0x00000000ea180000)
  to   space 16896K, 0% used [0x00000000ecc80000,0x00000000ecc80000,0x00000000edd00000)
 ParOldGen       total 96768K, used 20849K [0x00000000a0000000, 0x00000000a5e80000, 0x00000000e0000000)
  object space 96768K, 21% used [0x00000000a0000000,0x00000000a145c5a0,0x00000000a5e80000)
 Metaspace       used 57647K, capacity 59106K, committed 59160K, reserved 1099776K
  class space    used 7814K, capacity 8182K, committed 8232K, reserved 1048576K
Event: 5.740 GC heap after
Heap after GC invocations=12 (full 2):
 PSYoungGen      total 206336K, used 16874K [0x00000000e0000000, 0x00000000ee600000, 0x0000000100000000)
  eden space 189440K, 0% used [0x00000000e0000000,0x00000000e0000000,0x00000000eb900000)
  from space 16896K, 99% used [0x00000000ecc80000,0x00000000edcfa9e8,0x00000000edd00000)
  to   space 19968K, 0% used [0x00000000eb900000,0x00000000eb900000,0x00000000ecc80000)
 ParOldGen       total 96768K, used 22833K [0x00000000a0000000, 0x00000000a5e80000, 0x00000000e0000000)
  object space 96768K, 23% used [0x00000000a0000000,0x00000000a164c490,0x00000000a5e80000)
 Metaspace       used 57647K, capacity 59106K, committed 59160K, reserved 1099776K
  class space    used 7814K, capacity 8182K, committed 8232K, reserved 1048576K
}
Event: 5.740 GC heap before
{Heap before GC invocations=13 (full 3):
 PSYoungGen      total 206336K, used 16874K [0x00000000e0000000, 0x00000000ee600000, 0x0000000100000000)
  eden space 189440K, 0% used [0x00000000e0000000,0x00000000e0000000,0x00000000eb900000)
  from space 16896K, 99% used [0x00000000ecc80000,0x00000000edcfa9e8,0x00000000edd00000)
  to   space 19968K, 0% used [0x00000000eb900000,0x00000000eb900000,0x00000000ecc80000)
 ParOldGen       total 96768K, used 22833K [0x00000000a0000000, 0x00000000a5e80000, 0x00000000e0000000)
  object space 96768K, 23% used [0x00000000a0000000,0x00000000a164c490,0x00000000a5e80000)
 Metaspace       used 57647K, capacity 59106K, committed 59160K, reserved 1099776K
  class space    used 7814K, capacity 8182K, committed 8232K, reserved 1048576K
Event: 5.978 GC heap after
Heap after GC invocations=13 (full 3):
 PSYoungGen      total 206336K, used 0K [0x00000000e0000000, 0x00000000ee600000, 0x0000000100000000)
  eden space 189440K, 0% used [0x00000000e0000000,0x00000000e0000000,0x00000000eb900000)
  from space 16896K, 0% used [0x00000000ecc80000,0x00000000ecc80000,0x00000000edd00000)
  to   space 19968K, 0% used [0x00000000eb900000,0x00000000eb900000,0x00000000ecc80000)
 ParOldGen       total 145920K, used 32932K [0x00000000a0000000, 0x00000000a8e80000, 0x00000000e0000000)
  object space 145920K, 22% used [0x00000000a0000000,0x00000000a20290e0,0x00000000a8e80000)
 Metaspace       used 57647K, capacity 59106K, committed 59160K, reserved 1099776K
  class space    used 7814K, capacity 8182K, committed 8232K, reserved 1048576K
}
Event: 7.310 GC heap before
{Heap before GC invocations=14 (full 3):
 PSYoungGen      total 206336K, used 189440K [0x00000000e0000000, 0x00000000ee600000, 0x0000000100000000)
  eden space 189440K, 100% used [0x00000000e0000000,0x00000000eb900000,0x00000000eb900000)
  from space 16896K, 0% used [0x00000000ecc80000,0x00000000ecc80000,0x00000000edd00000)
  to   space 19968K, 0% used [0x00000000eb900000,0x00000000eb900000,0x00000000ecc80000)
 ParOldGen       total 145920K, used 32932K [0x00000000a0000000, 0x00000000a8e80000, 0x00000000e0000000)
  object space 145920K, 22% used [0x00000000a0000000,0x00000000a20290e0,0x00000000a8e80000)
 Metaspace       used 62476K, capacity 64528K, committed 64792K, reserved 1105920K
  class space    used 8455K, capacity 8907K, committed 9000K, reserved 1048576K
Event: 7.332 GC heap after
Heap after GC invocations=14 (full 3):
 PSYoungGen      total 209408K, used 19960K [0x00000000e0000000, 0x00000000f0d80000, 0x0000000100000000)
  eden space 189440K, 0% used [0x00000000e0000000,0x00000000e0000000,0x00000000eb900000)
  from space 19968K, 99% used [0x00000000eb900000,0x00000000ecc7e0a0,0x00000000ecc80000)
  to   space 26112K, 0% used [0x00000000ef400000,0x00000000ef400000,0x00000000f0d80000)
 ParOldGen       total 145920K, used 42048K [0x00000000a0000000, 0x00000000a8e80000, 0x00000000e0000000)
  object space 145920K, 28% used [0x00000000a0000000,0x00000000a2910258,0x00000000a8e80000)
 Metaspace       used 62476K, capacity 64528K, committed 64792K, reserved 1105920K
  class space    used 8455K, capacity 8907K, committed 9000K, reserved 1048576K
}
Event: 11.454 GC heap before
{Heap before GC invocations=15 (full 3):
 PSYoungGen      total 209408K, used 209400K [0x00000000e0000000, 0x00000000f0d80000, 0x0000000100000000)
  eden space 189440K, 100% used [0x00000000e0000000,0x00000000eb900000,0x00000000eb900000)
  from space 19968K, 99% used [0x00000000eb900000,0x00000000ecc7e0a0,0x00000000ecc80000)
  to   space 26112K, 0% used [0x00000000ef400000,0x00000000ef400000,0x00000000f0d80000)
 ParOldGen       total 145920K, used 42048K [0x00000000a0000000, 0x00000000a8e80000, 0x00000000e0000000)
  object space 145920K, 28% used [0x00000000a0000000,0x00000000a2910258,0x00000000a8e80000)
 Metaspace       used 65291K, capacity 67488K, committed 67608K, reserved 1107968K
  class space    used 8772K, capacity 9229K, committed 9256K, reserved 1048576K
Event: 11.473 GC heap after
Heap after GC invocations=15 (full 3):
 PSYoungGen      total 244736K, used 26028K [0x00000000e0000000, 0x00000000f0f80000, 0x0000000100000000)
  eden space 218624K, 0% used [0x00000000e0000000,0x00000000e0000000,0x00000000ed580000)
  from space 26112K, 99% used [0x00000000ef400000,0x00000000f0d6b178,0x00000000f0d80000)
  to   space 29696K, 0% used [0x00000000ed580000,0x00000000ed580000,0x00000000ef280000)
 ParOldGen       total 145920K, used 42056K [0x00000000a0000000, 0x00000000a8e80000, 0x00000000e0000000)
  object space 145920K, 28% used [0x00000000a0000000,0x00000000a2912258,0x00000000a8e80000)
 Metaspace       used 65291K, capacity 67488K, committed 67608K, reserved 1107968K
  class space    used 8772K, capacity 9229K, committed 9256K, reserved 1048576K
}
Event: 470.788 GC heap before
{Heap before GC invocations=16 (full 3):
 PSYoungGen      total 244736K, used 244652K [0x00000000e0000000, 0x00000000f0f80000, 0x0000000100000000)
  eden space 218624K, 100% used [0x00000000e0000000,0x00000000ed580000,0x00000000ed580000)
  from space 26112K, 99% used [0x00000000ef400000,0x00000000f0d6b178,0x00000000f0d80000)
  to   space 29696K, 0% used [0x00000000ed580000,0x00000000ed580000,0x00000000ef280000)
 ParOldGen       total 145920K, used 42056K [0x00000000a0000000, 0x00000000a8e80000, 0x00000000e0000000)
  object space 145920K, 28% used [0x00000000a0000000,0x00000000a2912258,0x00000000a8e80000)
 Metaspace       used 70940K, capacity 73474K, committed 73624K, reserved 1114112K
  class space    used 9365K, capacity 9878K, committed 9896K, reserved 1048576K
Event: 470.832 GC heap after
Heap after GC invocations=16 (full 3):
 PSYoungGen      total 248320K, used 29688K [0x00000000e0000000, 0x00000000f4100000, 0x0000000100000000)
  eden space 218624K, 0% used [0x00000000e0000000,0x00000000e0000000,0x00000000ed580000)
  from space 29696K, 99% used [0x00000000ed580000,0x00000000ef27e0a0,0x00000000ef280000)
  to   space 41472K, 0% used [0x00000000f1880000,0x00000000f1880000,0x00000000f4100000)
 ParOldGen       total 145920K, used 61510K [0x00000000a0000000, 0x00000000a8e80000, 0x00000000e0000000)
  object space 145920K, 42% used [0x00000000a0000000,0x00000000a3c11968,0x00000000a8e80000)
 Metaspace       used 70940K, capacity 73474K, committed 73624K, reserved 1114112K
  class space    used 9365K, capacity 9878K, committed 9896K, reserved 1048576K
}

