# JRE version: OpenJDK Runtime Environment (8.0_152-b01) (build 1.8.0_152-release-1343-b01)
# Java VM: OpenJDK 64-Bit Server VM (25.152-b01 mixed mode windows-amd64 compressed oops)
Heap:
 PSYoungGen      total 271872K, used 155681K [0x00000000e0000000, 0x00000000f3680000, 0x0000000100000000)
  eden space 247296K, 62% used [0x00000000e0000000,0x00000000e98086d0,0x00000000ef180000)
  from space 24576K, 0% used [0x00000000f1e80000,0x00000000f1e80000,0x00000000f3680000)
  to   space 24576K, 0% used [0x00000000ef180000,0x00000000ef180000,0x00000000f0980000)
 ParOldGen       total 140288K, used 50258K [0x00000000a0000000, 0x00000000a8900000, 0x00000000e0000000)
  object space 140288K, 35% used [0x00000000a0000000,0x00000000a31148f0,0x00000000a8900000)
 Metaspace       used 94306K, capacity 98514K, committed 99712K, reserved 1136640K
  class space    used 12091K, capacity 12862K, committed 13184K, reserved 1048576K
GC Heap History (10 events):
Event: 46.765 GC heap before
{Heap before GC invocations=16 (full 3):
 PSYoungGen      total 244736K, used 244734K [0x00000000e0000000, 0x00000000f1380000, 0x0000000100000000)
  eden space 223744K, 100% used [0x00000000e0000000,0x00000000eda80000,0x00000000eda80000)
  from space 20992K, 99% used [0x00000000ef500000,0x00000000f097fae0,0x00000000f0980000)
  to   space 27136K, 0% used [0x00000000eda80000,0x00000000eda80000,0x00000000ef500000)
 ParOldGen       total 140288K, used 40695K [0x00000000a0000000, 0x00000000a8900000, 0x00000000e0000000)
  object space 140288K, 29% used [0x00000000a0000000,0x00000000a27bdc90,0x00000000a8900000)
 Metaspace       used 86161K, capacity 90046K, committed 90240K, reserved 1128448K
  class space    used 11355K, capacity 12104K, committed 12160K, reserved 1048576K
Event: 46.783 GC heap after
Heap after GC invocations=16 (full 3):
 PSYoungGen      total 250880K, used 12064K [0x00000000e0000000, 0x00000000f2900000, 0x0000000100000000)
  eden space 223744K, 0% used [0x00000000e0000000,0x00000000e0000000,0x00000000eda80000)
  from space 27136K, 44% used [0x00000000eda80000,0x00000000ee6481c8,0x00000000ef500000)
  to   space 25600K, 0% used [0x00000000f1000000,0x00000000f1000000,0x00000000f2900000)
 ParOldGen       total 140288K, used 55573K [0x00000000a0000000, 0x00000000a8900000, 0x00000000e0000000)
  object space 140288K, 39% used [0x00000000a0000000,0x00000000a36456a8,0x00000000a8900000)
 Metaspace       used 86161K, capacity 90046K, committed 90240K, reserved 1128448K
  class space    used 11355K, capacity 12104K, committed 12160K, reserved 1048576K
}
Event: 304.364 GC heap before
{Heap before GC invocations=17 (full 3):
 PSYoungGen      total 250880K, used 235808K [0x00000000e0000000, 0x00000000f2900000, 0x0000000100000000)
  eden space 223744K, 100% used [0x00000000e0000000,0x00000000eda80000,0x00000000eda80000)
  from space 27136K, 44% used [0x00000000eda80000,0x00000000ee6481c8,0x00000000ef500000)
  to   space 25600K, 0% used [0x00000000f1000000,0x00000000f1000000,0x00000000f2900000)
 ParOldGen       total 140288K, used 55573K [0x00000000a0000000, 0x00000000a8900000, 0x00000000e0000000)
  object space 140288K, 39% used [0x00000000a0000000,0x00000000a36456a8,0x00000000a8900000)
 Metaspace       used 90005K, capacity 94374K, committed 94464K, reserved 1130496K
  class space    used 11713K, capacity 12509K, committed 12544K, reserved 1048576K
Event: 304.377 GC heap after
Heap after GC invocations=17 (full 3):
 PSYoungGen      total 265216K, used 9886K [0x00000000e0000000, 0x00000000f2180000, 0x0000000100000000)
  eden space 247296K, 0% used [0x00000000e0000000,0x00000000e0000000,0x00000000ef180000)
  from space 17920K, 55% used [0x00000000f1000000,0x00000000f19a79c0,0x00000000f2180000)
  to   space 24576K, 0% used [0x00000000ef180000,0x00000000ef180000,0x00000000f0980000)
 ParOldGen       total 140288K, used 55581K [0x00000000a0000000, 0x00000000a8900000, 0x00000000e0000000)
  object space 140288K, 39% used [0x00000000a0000000,0x00000000a36476a8,0x00000000a8900000)
 Metaspace       used 90005K, capacity 94374K, committed 94464K, reserved 1130496K
  class space    used 11713K, capacity 12509K, committed 12544K, reserved 1048576K
}
Event: 334.798 GC heap before
{Heap before GC invocations=18 (full 3):
 PSYoungGen      total 265216K, used 257182K [0x00000000e0000000, 0x00000000f2180000, 0x0000000100000000)
  eden space 247296K, 100% used [0x00000000e0000000,0x00000000ef180000,0x00000000ef180000)
  from space 17920K, 55% used [0x00000000f1000000,0x00000000f19a79c0,0x00000000f2180000)
  to   space 24576K, 0% used [0x00000000ef180000,0x00000000ef180000,0x00000000f0980000)
 ParOldGen       total 140288K, used 55581K [0x00000000a0000000, 0x00000000a8900000, 0x00000000e0000000)
  object space 140288K, 39% used [0x00000000a0000000,0x00000000a36476a8,0x00000000a8900000)
 Metaspace       used 93541K, capacity 98424K, committed 98560K, reserved 1134592K
  class space    used 12137K, capacity 13023K, committed 13056K, reserved 1048576K
Event: 334.875 GC heap after
Heap after GC invocations=18 (full 3):
 PSYoungGen      total 271872K, used 15632K [0x00000000e0000000, 0x00000000f3680000, 0x0000000100000000)
  eden space 247296K, 0% used [0x00000000e0000000,0x00000000e0000000,0x00000000ef180000)
  from space 24576K, 63% used [0x00000000ef180000,0x00000000f00c4368,0x00000000f0980000)
  to   space 24576K, 0% used [0x00000000f1e80000,0x00000000f1e80000,0x00000000f3680000)
 ParOldGen       total 140288K, used 55589K [0x00000000a0000000, 0x00000000a8900000, 0x00000000e0000000)
  object space 140288K, 39% used [0x00000000a0000000,0x00000000a36496a8,0x00000000a8900000)
 Metaspace       used 93541K, capacity 98424K, committed 98560K, reserved 1134592K
  class space    used 12137K, capacity 13023K, committed 13056K, reserved 1048576K
}
Event: 335.260 GC heap before
{Heap before GC invocations=19 (full 3):
 PSYoungGen      total 271872K, used 35304K [0x00000000e0000000, 0x00000000f3680000, 0x0000000100000000)
  eden space 247296K, 7% used [0x00000000e0000000,0x00000000e1336000,0x00000000ef180000)
  from space 24576K, 63% used [0x00000000ef180000,0x00000000f00c4368,0x00000000f0980000)
  to   space 24576K, 0% used [0x00000000f1e80000,0x00000000f1e80000,0x00000000f3680000)
 ParOldGen       total 140288K, used 55589K [0x00000000a0000000, 0x00000000a8900000, 0x00000000e0000000)
  object space 140288K, 39% used [0x00000000a0000000,0x00000000a36496a8,0x00000000a8900000)
 Metaspace       used 93625K, capacity 98492K, committed 98560K, reserved 1134592K
  class space    used 12137K, capacity 13023K, committed 13056K, reserved 1048576K
Event: 335.285 GC heap after
Heap after GC invocations=19 (full 3):
 PSYoungGen      total 271872K, used 13540K [0x00000000e0000000, 0x00000000f3680000, 0x0000000100000000)
  eden space 247296K, 0% used [0x00000000e0000000,0x00000000e0000000,0x00000000ef180000)
  from space 24576K, 55% used [0x00000000f1e80000,0x00000000f2bb9100,0x00000000f3680000)
  to   space 24576K, 0% used [0x00000000ef180000,0x00000000ef180000,0x00000000f0980000)
 ParOldGen       total 140288K, used 55597K [0x00000000a0000000, 0x00000000a8900000, 0x00000000e0000000)
  object space 140288K, 39% used [0x00000000a0000000,0x00000000a364b6a8,0x00000000a8900000)
 Metaspace       used 93625K, capacity 98492K, committed 98560K, reserved 1134592K
  class space    used 12137K, capacity 13023K, committed 13056K, reserved 1048576K
}
Event: 335.285 GC heap before
{Heap before GC invocations=20 (full 4):
 PSYoungGen      total 271872K, used 13540K [0x00000000e0000000, 0x00000000f3680000, 0x0000000100000000)
  eden space 247296K, 0% used [0x00000000e0000000,0x00000000e0000000,0x00000000ef180000)
  from space 24576K, 55% used [0x00000000f1e80000,0x00000000f2bb9100,0x00000000f3680000)
  to   space 24576K, 0% used [0x00000000ef180000,0x00000000ef180000,0x00000000f0980000)
 ParOldGen       total 140288K, used 55597K [0x00000000a0000000, 0x00000000a8900000, 0x00000000e0000000)
  object space 140288K, 39% used [0x00000000a0000000,0x00000000a364b6a8,0x00000000a8900000)
 Metaspace       used 93625K, capacity 98492K, committed 98560K, reserved 1134592K
  class space    used 12137K, capacity 13023K, committed 13056K, reserved 1048576K
Event: 335.512 GC heap after
Heap after GC invocations=20 (full 4):
 PSYoungGen      total 271872K, used 0K [0x00000000e0000000, 0x00000000f3680000, 0x0000000100000000)
  eden space 247296K, 0% used [0x00000000e0000000,0x00000000e0000000,0x00000000ef180000)
  from space 24576K, 0% used [0x00000000f1e80000,0x00000000f1e80000,0x00000000f3680000)
  to   space 24576K, 0% used [0x00000000ef180000,0x00000000ef180000,0x00000000f0980000)
 ParOldGen       total 140288K, used 50258K [0x00000000a0000000, 0x00000000a8900000, 0x00000000e0000000)
  object space 140288K, 35% used [0x00000000a0000000,0x00000000a31148f0,0x00000000a8900000)
 Metaspace       used 93153K, capacity 97208K, committed 98560K, reserved 1134592K
  class space    used 11982K, capacity 12761K, committed 13056K, reserved 1048576K
}

