# JRE version: OpenJDK Runtime Environment (8.0_152-b01) (build 1.8.0_152-release-1343-b01)
# Java VM: OpenJDK 64-Bit Server VM (25.152-b01 mixed mode windows-amd64 compressed oops)
Heap:
 PSYoungGen      total 482304K, used 58961K [0x00000000e0000000, 0x0000000100000000, 0x0000000100000000)
  eden space 440320K, 7% used [0x00000000e0000000,0x00000000e1f0aaa8,0x00000000fae00000)
  from space 41984K, 64% used [0x00000000fae00000,0x00000000fc889a10,0x00000000fd700000)
  to   space 41984K, 0% used [0x00000000fd700000,0x00000000fd700000,0x0000000100000000)
 ParOldGen       total 142848K, used 74971K [0x00000000a0000000, 0x00000000a8b80000, 0x00000000e0000000)
  object space 142848K, 52% used [0x00000000a0000000,0x00000000a4936f98,0x00000000a8b80000)
 Metaspace       used 84437K, capacity 88800K, committed 88856K, reserved 1126400K
  class space    used 10953K, capacity 11768K, committed 11816K, reserved 1048576K
GC Heap History (10 events):
Event: 18.394 GC heap before
{Heap before GC invocations=26 (full 3):
 PSYoungGen      total 492544K, used 485770K [0x00000000e0000000, 0x0000000100000000, 0x0000000100000000)
  eden space 462848K, 100% used [0x00000000e0000000,0x00000000fc400000,0x00000000fc400000)
  from space 29696K, 77% used [0x00000000fe300000,0x00000000ff962900,0x0000000100000000)
  to   space 30720K, 0% used [0x00000000fc400000,0x00000000fc400000,0x00000000fe200000)
 ParOldGen       total 142848K, used 44163K [0x00000000a0000000, 0x00000000a8b80000, 0x00000000e0000000)
  object space 142848K, 30% used [0x00000000a0000000,0x00000000a2b20fa0,0x00000000a8b80000)
 Metaspace       used 77390K, capacity 81004K, committed 81304K, reserved 1120256K
  class space    used 10174K, capacity 10861K, committed 10920K, reserved 1048576K
Event: 18.417 GC heap after
Heap after GC invocations=26 (full 3):
 PSYoungGen      total 484352K, used 21415K [0x00000000e0000000, 0x0000000100000000, 0x0000000100000000)
  eden space 462848K, 0% used [0x00000000e0000000,0x00000000e0000000,0x00000000fc400000)
  from space 21504K, 99% used [0x00000000fc400000,0x00000000fd8e9fb8,0x00000000fd900000)
  to   space 31232K, 0% used [0x00000000fe180000,0x00000000fe180000,0x0000000100000000)
 ParOldGen       total 142848K, used 44171K [0x00000000a0000000, 0x00000000a8b80000, 0x00000000e0000000)
  object space 142848K, 30% used [0x00000000a0000000,0x00000000a2b22fa0,0x00000000a8b80000)
 Metaspace       used 77390K, capacity 81004K, committed 81304K, reserved 1120256K
  class space    used 10174K, capacity 10861K, committed 10920K, reserved 1048576K
}
Event: 18.857 GC heap before
{Heap before GC invocations=27 (full 3):
 PSYoungGen      total 484352K, used 484263K [0x00000000e0000000, 0x0000000100000000, 0x0000000100000000)
  eden space 462848K, 100% used [0x00000000e0000000,0x00000000fc400000,0x00000000fc400000)
  from space 21504K, 99% used [0x00000000fc400000,0x00000000fd8e9fb8,0x00000000fd900000)
  to   space 31232K, 0% used [0x00000000fe180000,0x00000000fe180000,0x0000000100000000)
 ParOldGen       total 142848K, used 44171K [0x00000000a0000000, 0x00000000a8b80000, 0x00000000e0000000)
  object space 142848K, 30% used [0x00000000a0000000,0x00000000a2b22fa0,0x00000000a8b80000)
 Metaspace       used 77411K, capacity 81010K, committed 81304K, reserved 1120256K
  class space    used 10175K, capacity 10862K, committed 10920K, reserved 1048576K
Event: 18.873 GC heap after
Heap after GC invocations=27 (full 3):
 PSYoungGen      total 493568K, used 20070K [0x00000000e0000000, 0x0000000100000000, 0x0000000100000000)
  eden space 462336K, 0% used [0x00000000e0000000,0x00000000e0000000,0x00000000fc380000)
  from space 31232K, 64% used [0x00000000fe180000,0x00000000ff519820,0x0000000100000000)
  to   space 30720K, 0% used [0x00000000fc380000,0x00000000fc380000,0x00000000fe180000)
 ParOldGen       total 142848K, used 44179K [0x00000000a0000000, 0x00000000a8b80000, 0x00000000e0000000)
  object space 142848K, 30% used [0x00000000a0000000,0x00000000a2b24fa0,0x00000000a8b80000)
 Metaspace       used 77411K, capacity 81010K, committed 81304K, reserved 1120256K
  class space    used 10175K, capacity 10862K, committed 10920K, reserved 1048576K
}
Event: 20.136 GC heap before
{Heap before GC invocations=28 (full 3):
 PSYoungGen      total 493568K, used 482406K [0x00000000e0000000, 0x0000000100000000, 0x0000000100000000)
  eden space 462336K, 100% used [0x00000000e0000000,0x00000000fc380000,0x00000000fc380000)
  from space 31232K, 64% used [0x00000000fe180000,0x00000000ff519820,0x0000000100000000)
  to   space 30720K, 0% used [0x00000000fc380000,0x00000000fc380000,0x00000000fe180000)
 ParOldGen       total 142848K, used 44179K [0x00000000a0000000, 0x00000000a8b80000, 0x00000000e0000000)
  object space 142848K, 30% used [0x00000000a0000000,0x00000000a2b24fa0,0x00000000a8b80000)
 Metaspace       used 77496K, capacity 81098K, committed 81304K, reserved 1120256K
  class space    used 10183K, capacity 10866K, committed 10920K, reserved 1048576K
Event: 20.147 GC heap after
Heap after GC invocations=28 (full 3):
 PSYoungGen      total 478720K, used 16059K [0x00000000e0000000, 0x00000000ffd80000, 0x0000000100000000)
  eden space 462336K, 0% used [0x00000000e0000000,0x00000000e0000000,0x00000000fc380000)
  from space 16384K, 98% used [0x00000000fc380000,0x00000000fd32ec08,0x00000000fd380000)
  to   space 29696K, 0% used [0x00000000fe080000,0x00000000fe080000,0x00000000ffd80000)
 ParOldGen       total 142848K, used 44187K [0x00000000a0000000, 0x00000000a8b80000, 0x00000000e0000000)
  object space 142848K, 30% used [0x00000000a0000000,0x00000000a2b26fa0,0x00000000a8b80000)
 Metaspace       used 77496K, capacity 81098K, committed 81304K, reserved 1120256K
  class space    used 10183K, capacity 10866K, committed 10920K, reserved 1048576K
}
Event: 23.860 GC heap before
{Heap before GC invocations=29 (full 3):
 PSYoungGen      total 478720K, used 478395K [0x00000000e0000000, 0x00000000ffd80000, 0x0000000100000000)
  eden space 462336K, 100% used [0x00000000e0000000,0x00000000fc380000,0x00000000fc380000)
  from space 16384K, 98% used [0x00000000fc380000,0x00000000fd32ec08,0x00000000fd380000)
  to   space 29696K, 0% used [0x00000000fe080000,0x00000000fe080000,0x00000000ffd80000)
 ParOldGen       total 142848K, used 44187K [0x00000000a0000000, 0x00000000a8b80000, 0x00000000e0000000)
  object space 142848K, 30% used [0x00000000a0000000,0x00000000a2b26fa0,0x00000000a8b80000)
 Metaspace       used 78250K, capacity 82036K, committed 82200K, reserved 1120256K
  class space    used 10245K, capacity 10933K, committed 11048K, reserved 1048576K
Event: 23.915 GC heap after
Heap after GC invocations=29 (full 3):
 PSYoungGen      total 470016K, used 29683K [0x00000000e0000000, 0x0000000100000000, 0x0000000100000000)
  eden space 440320K, 0% used [0x00000000e0000000,0x00000000e0000000,0x00000000fae00000)
  from space 29696K, 99% used [0x00000000fe080000,0x00000000ffd7cfb0,0x00000000ffd80000)
  to   space 41984K, 0% used [0x00000000fae00000,0x00000000fae00000,0x00000000fd700000)
 ParOldGen       total 142848K, used 68088K [0x00000000a0000000, 0x00000000a8b80000, 0x00000000e0000000)
  object space 142848K, 47% used [0x00000000a0000000,0x00000000a427e188,0x00000000a8b80000)
 Metaspace       used 78250K, capacity 82036K, committed 82200K, reserved 1120256K
  class space    used 10245K, capacity 10933K, committed 11048K, reserved 1048576K
}
Event: 28.286 GC heap before
{Heap before GC invocations=30 (full 3):
 PSYoungGen      total 470016K, used 470003K [0x00000000e0000000, 0x0000000100000000, 0x0000000100000000)
  eden space 440320K, 100% used [0x00000000e0000000,0x00000000fae00000,0x00000000fae00000)
  from space 29696K, 99% used [0x00000000fe080000,0x00000000ffd7cfb0,0x00000000ffd80000)
  to   space 41984K, 0% used [0x00000000fae00000,0x00000000fae00000,0x00000000fd700000)
 ParOldGen       total 142848K, used 68088K [0x00000000a0000000, 0x00000000a8b80000, 0x00000000e0000000)
  object space 142848K, 47% used [0x00000000a0000000,0x00000000a427e188,0x00000000a8b80000)
 Metaspace       used 83652K, capacity 87710K, committed 87960K, reserved 1126400K
  class space    used 10867K, capacity 11620K, committed 11688K, reserved 1048576K
Event: 28.327 GC heap after
Heap after GC invocations=30 (full 3):
 PSYoungGen      total 482304K, used 27174K [0x00000000e0000000, 0x0000000100000000, 0x0000000100000000)
  eden space 440320K, 0% used [0x00000000e0000000,0x00000000e0000000,0x00000000fae00000)
  from space 41984K, 64% used [0x00000000fae00000,0x00000000fc889a10,0x00000000fd700000)
  to   space 41984K, 0% used [0x00000000fd700000,0x00000000fd700000,0x0000000100000000)
 ParOldGen       total 142848K, used 74971K [0x00000000a0000000, 0x00000000a8b80000, 0x00000000e0000000)
  object space 142848K, 52% used [0x00000000a0000000,0x00000000a4936f98,0x00000000a8b80000)
 Metaspace       used 83652K, capacity 87710K, committed 87960K, reserved 1126400K
  class space    used 10867K, capacity 11620K, committed 11688K, reserved 1048576K
}

