# JRE version: OpenJDK Runtime Environment (8.0_152-b01) (build 1.8.0_152-release-1343-b01)
# Java VM: OpenJDK 64-Bit Server VM (25.152-b01 mixed mode windows-amd64 compressed oops)
Heap:
 PSYoungGen      total 216576K, used 102551K [0x00000000e0000000, 0x00000000eed00000, 0x0000000100000000)
  eden space 198144K, 43% used [0x00000000e0000000,0x00000000e54a2a90,0x00000000ec180000)
  from space 18432K, 86% used [0x00000000ed500000,0x00000000ee483420,0x00000000ee700000)
  to   space 19968K, 0% used [0x00000000ec180000,0x00000000ec180000,0x00000000ed500000)
 ParOldGen       total 132096K, used 48417K [0x00000000a0000000, 0x00000000a8100000, 0x00000000e0000000)
  object space 132096K, 36% used [0x00000000a0000000,0x00000000a2f48790,0x00000000a8100000)
 Metaspace       used 83960K, capacity 87610K, committed 87704K, reserved 1126400K
  class space    used 10901K, capacity 11600K, committed 11688K, reserved 1048576K
GC Heap History (10 events):
Event: 6.952 GC heap before
{Heap before GC invocations=13 (full 2):
 PSYoungGen      total 155648K, used 141495K [0x00000000e0000000, 0x00000000eae00000, 0x0000000100000000)
  eden space 143872K, 90% used [0x00000000e0000000,0x00000000e7eafee0,0x00000000e8c80000)
  from space 11776K, 99% used [0x00000000ea280000,0x00000000eadfdfc8,0x00000000eae00000)
  to   space 13824K, 0% used [0x00000000e9300000,0x00000000e9300000,0x00000000ea080000)
 ParOldGen       total 84992K, used 19495K [0x00000000a0000000, 0x00000000a5300000, 0x00000000e0000000)
  object space 84992K, 22% used [0x00000000a0000000,0x00000000a1309e60,0x00000000a5300000)
 Metaspace       used 57598K, capacity 59086K, committed 59160K, reserved 1099776K
  class space    used 7803K, capacity 8178K, committed 8232K, reserved 1048576K
Event: 6.979 GC heap after
Heap after GC invocations=13 (full 2):
 PSYoungGen      total 164352K, used 13725K [0x00000000e0000000, 0x00000000ed480000, 0x0000000100000000)
  eden space 150528K, 0% used [0x00000000e0000000,0x00000000e0000000,0x00000000e9300000)
  from space 13824K, 99% used [0x00000000e9300000,0x00000000ea067600,0x00000000ea080000)
  to   space 15360K, 0% used [0x00000000ec580000,0x00000000ec580000,0x00000000ed480000)
 ParOldGen       total 84992K, used 26807K [0x00000000a0000000, 0x00000000a5300000, 0x00000000e0000000)
  object space 84992K, 31% used [0x00000000a0000000,0x00000000a1a2ded8,0x00000000a5300000)
 Metaspace       used 57598K, capacity 59086K, committed 59160K, reserved 1099776K
  class space    used 7803K, capacity 8178K, committed 8232K, reserved 1048576K
}
Event: 6.979 GC heap before
{Heap before GC invocations=14 (full 3):
 PSYoungGen      total 164352K, used 13725K [0x00000000e0000000, 0x00000000ed480000, 0x0000000100000000)
  eden space 150528K, 0% used [0x00000000e0000000,0x00000000e0000000,0x00000000e9300000)
  from space 13824K, 99% used [0x00000000e9300000,0x00000000ea067600,0x00000000ea080000)
  to   space 15360K, 0% used [0x00000000ec580000,0x00000000ec580000,0x00000000ed480000)
 ParOldGen       total 84992K, used 26807K [0x00000000a0000000, 0x00000000a5300000, 0x00000000e0000000)
  object space 84992K, 31% used [0x00000000a0000000,0x00000000a1a2ded8,0x00000000a5300000)
 Metaspace       used 57598K, capacity 59086K, committed 59160K, reserved 1099776K
  class space    used 7803K, capacity 8178K, committed 8232K, reserved 1048576K
Event: 7.221 GC heap after
Heap after GC invocations=14 (full 3):
 PSYoungGen      total 164352K, used 0K [0x00000000e0000000, 0x00000000ed480000, 0x0000000100000000)
  eden space 150528K, 0% used [0x00000000e0000000,0x00000000e0000000,0x00000000e9300000)
  from space 13824K, 0% used [0x00000000e9300000,0x00000000e9300000,0x00000000ea080000)
  to   space 15360K, 0% used [0x00000000ec580000,0x00000000ec580000,0x00000000ed480000)
 ParOldGen       total 132096K, used 34491K [0x00000000a0000000, 0x00000000a8100000, 0x00000000e0000000)
  object space 132096K, 26% used [0x00000000a0000000,0x00000000a21aec78,0x00000000a8100000)
 Metaspace       used 57598K, capacity 59086K, committed 59160K, reserved 1099776K
  class space    used 7803K, capacity 8178K, committed 8232K, reserved 1048576K
}
Event: 9.434 GC heap before
{Heap before GC invocations=15 (full 3):
 PSYoungGen      total 164352K, used 150528K [0x00000000e0000000, 0x00000000ed480000, 0x0000000100000000)
  eden space 150528K, 100% used [0x00000000e0000000,0x00000000e9300000,0x00000000e9300000)
  from space 13824K, 0% used [0x00000000e9300000,0x00000000e9300000,0x00000000ea080000)
  to   space 15360K, 0% used [0x00000000ec580000,0x00000000ec580000,0x00000000ed480000)
 ParOldGen       total 132096K, used 34491K [0x00000000a0000000, 0x00000000a8100000, 0x00000000e0000000)
  object space 132096K, 26% used [0x00000000a0000000,0x00000000a21aec78,0x00000000a8100000)
 Metaspace       used 62443K, capacity 64306K, committed 64408K, reserved 1105920K
  class space    used 8450K, capacity 8864K, committed 8872K, reserved 1048576K
Event: 9.449 GC heap after
Heap after GC invocations=15 (full 3):
 PSYoungGen      total 190976K, used 15336K [0x00000000e0000000, 0x00000000ed480000, 0x0000000100000000)
  eden space 175616K, 0% used [0x00000000e0000000,0x00000000e0000000,0x00000000eab80000)
  from space 15360K, 99% used [0x00000000ec580000,0x00000000ed47a080,0x00000000ed480000)
  to   space 18432K, 0% used [0x00000000eb080000,0x00000000eb080000,0x00000000ec280000)
 ParOldGen       total 132096K, used 37378K [0x00000000a0000000, 0x00000000a8100000, 0x00000000e0000000)
  object space 132096K, 28% used [0x00000000a0000000,0x00000000a2480910,0x00000000a8100000)
 Metaspace       used 62443K, capacity 64306K, committed 64408K, reserved 1105920K
  class space    used 8450K, capacity 8864K, committed 8872K, reserved 1048576K
}
Event: 84.110 GC heap before
{Heap before GC invocations=16 (full 3):
 PSYoungGen      total 190976K, used 190952K [0x00000000e0000000, 0x00000000ed480000, 0x0000000100000000)
  eden space 175616K, 100% used [0x00000000e0000000,0x00000000eab80000,0x00000000eab80000)
  from space 15360K, 99% used [0x00000000ec580000,0x00000000ed47a080,0x00000000ed480000)
  to   space 18432K, 0% used [0x00000000eb080000,0x00000000eb080000,0x00000000ec280000)
 ParOldGen       total 132096K, used 37378K [0x00000000a0000000, 0x00000000a8100000, 0x00000000e0000000)
  object space 132096K, 28% used [0x00000000a0000000,0x00000000a2480910,0x00000000a8100000)
 Metaspace       used 72295K, capacity 74438K, committed 74776K, reserved 1114112K
  class space    used 9452K, capacity 9918K, committed 10024K, reserved 1048576K
Event: 84.133 GC heap after
Heap after GC invocations=16 (full 3):
 PSYoungGen      total 199168K, used 12103K [0x00000000e0000000, 0x00000000ee700000, 0x0000000100000000)
  eden space 180736K, 0% used [0x00000000e0000000,0x00000000e0000000,0x00000000eb080000)
  from space 18432K, 65% used [0x00000000eb080000,0x00000000ebc51cc0,0x00000000ec280000)
  to   space 18432K, 0% used [0x00000000ed500000,0x00000000ed500000,0x00000000ee700000)
 ParOldGen       total 132096K, used 48409K [0x00000000a0000000, 0x00000000a8100000, 0x00000000e0000000)
  object space 132096K, 36% used [0x00000000a0000000,0x00000000a2f46790,0x00000000a8100000)
 Metaspace       used 72295K, capacity 74438K, committed 74776K, reserved 1114112K
  class space    used 9452K, capacity 9918K, committed 10024K, reserved 1048576K
}
Event: 87.202 GC heap before
{Heap before GC invocations=17 (full 3):
 PSYoungGen      total 199168K, used 192839K [0x00000000e0000000, 0x00000000ee700000, 0x0000000100000000)
  eden space 180736K, 100% used [0x00000000e0000000,0x00000000eb080000,0x00000000eb080000)
  from space 18432K, 65% used [0x00000000eb080000,0x00000000ebc51cc0,0x00000000ec280000)
  to   space 18432K, 0% used [0x00000000ed500000,0x00000000ed500000,0x00000000ee700000)
 ParOldGen       total 132096K, used 48409K [0x00000000a0000000, 0x00000000a8100000, 0x00000000e0000000)
  object space 132096K, 36% used [0x00000000a0000000,0x00000000a2f46790,0x00000000a8100000)
 Metaspace       used 75498K, capacity 77814K, committed 77848K, reserved 1116160K
  class space    used 9763K, capacity 10246K, committed 10280K, reserved 1048576K
Event: 87.220 GC heap after
Heap after GC invocations=17 (full 3):
 PSYoungGen      total 216576K, used 15885K [0x00000000e0000000, 0x00000000eed00000, 0x0000000100000000)
  eden space 198144K, 0% used [0x00000000e0000000,0x00000000e0000000,0x00000000ec180000)
  from space 18432K, 86% used [0x00000000ed500000,0x00000000ee483420,0x00000000ee700000)
  to   space 19968K, 0% used [0x00000000ec180000,0x00000000ec180000,0x00000000ed500000)
 ParOldGen       total 132096K, used 48417K [0x00000000a0000000, 0x00000000a8100000, 0x00000000e0000000)
  object space 132096K, 36% used [0x00000000a0000000,0x00000000a2f48790,0x00000000a8100000)
 Metaspace       used 75498K, capacity 77814K, committed 77848K, reserved 1116160K
  class space    used 9763K, capacity 10246K, committed 10280K, reserved 1048576K
}

