# JRE version: OpenJDK Runtime Environment (8.0_152-b01) (build 1.8.0_152-release-1343-b01)
# Java VM: OpenJDK 64-Bit Server VM (25.152-b01 mixed mode windows-amd64 compressed oops)
Heap:
 PSYoungGen      total 456192K, used 226473K [0x00000000e0000000, 0x00000000ff680000, 0x0000000100000000)
  eden space 397824K, 51% used [0x00000000e0000000,0x00000000ec803750,0x00000000f8480000)
  from space 58368K, 37% used [0x00000000fbd80000,0x00000000fd2a6ea0,0x00000000ff680000)
  to   space 58368K, 0% used [0x00000000f8480000,0x00000000f8480000,0x00000000fbd80000)
 ParOldGen       total 215552K, used 57981K [0x00000000a0000000, 0x00000000ad280000, 0x00000000e0000000)
  object space 215552K, 26% used [0x00000000a0000000,0x00000000a389f600,0x00000000ad280000)
 Metaspace       used 97819K, capacity 102806K, committed 103040K, reserved 1138688K
  class space    used 12160K, capacity 13079K, committed 13184K, reserved 1048576K
GC Heap History (10 events):
Event: 859.293 GC heap before
{Heap before GC invocations=26 (full 4):
 PSYoungGen      total 441856K, used 441553K [0x00000000e0000000, 0x0000000100000000, 0x0000000100000000)
  eden space 389632K, 100% used [0x00000000e0000000,0x00000000f7c80000,0x00000000f7c80000)
  from space 52224K, 99% used [0x00000000f7c80000,0x00000000faf34458,0x00000000faf80000)
  to   space 72192K, 0% used [0x00000000fb980000,0x00000000fb980000,0x0000000100000000)
 ParOldGen       total 215552K, used 57941K [0x00000000a0000000, 0x00000000ad280000, 0x00000000e0000000)
  object space 215552K, 26% used [0x00000000a0000000,0x00000000a3895600,0x00000000ad280000)
 Metaspace       used 95004K, capacity 99140K, committed 100352K, reserved 1136640K
  class space    used 11963K, capacity 12782K, committed 13056K, reserved 1048576K
Event: 859.307 GC heap after
Heap after GC invocations=26 (full 4):
 PSYoungGen      total 455680K, used 21554K [0x00000000e0000000, 0x0000000100000000, 0x0000000100000000)
  eden space 383488K, 0% used [0x00000000e0000000,0x00000000e0000000,0x00000000f7680000)
  from space 72192K, 29% used [0x00000000fb980000,0x00000000fce8c8b0,0x0000000100000000)
  to   space 68608K, 0% used [0x00000000f7680000,0x00000000f7680000,0x00000000fb980000)
 ParOldGen       total 215552K, used 57949K [0x00000000a0000000, 0x00000000ad280000, 0x00000000e0000000)
  object space 215552K, 26% used [0x00000000a0000000,0x00000000a3897600,0x00000000ad280000)
 Metaspace       used 95004K, capacity 99140K, committed 100352K, reserved 1136640K
  class space    used 11963K, capacity 12782K, committed 13056K, reserved 1048576K
}
Event: 862.913 GC heap before
{Heap before GC invocations=27 (full 4):
 PSYoungGen      total 455680K, used 405042K [0x00000000e0000000, 0x0000000100000000, 0x0000000100000000)
  eden space 383488K, 100% used [0x00000000e0000000,0x00000000f7680000,0x00000000f7680000)
  from space 72192K, 29% used [0x00000000fb980000,0x00000000fce8c8b0,0x0000000100000000)
  to   space 68608K, 0% used [0x00000000f7680000,0x00000000f7680000,0x00000000fb980000)
 ParOldGen       total 215552K, used 57949K [0x00000000a0000000, 0x00000000ad280000, 0x00000000e0000000)
  object space 215552K, 26% used [0x00000000a0000000,0x00000000a3897600,0x00000000ad280000)
 Metaspace       used 95509K, capacity 99736K, committed 100864K, reserved 1136640K
  class space    used 11978K, capacity 12794K, committed 13056K, reserved 1048576K
Event: 862.928 GC heap after
Heap after GC invocations=27 (full 4):
 PSYoungGen      total 400384K, used 16430K [0x00000000e0000000, 0x00000000ff680000, 0x0000000100000000)
  eden space 383488K, 0% used [0x00000000e0000000,0x00000000e0000000,0x00000000f7680000)
  from space 16896K, 97% used [0x00000000f7680000,0x00000000f868ba48,0x00000000f8700000)
  to   space 65536K, 0% used [0x00000000fb680000,0x00000000fb680000,0x00000000ff680000)
 ParOldGen       total 215552K, used 57957K [0x00000000a0000000, 0x00000000ad280000, 0x00000000e0000000)
  object space 215552K, 26% used [0x00000000a0000000,0x00000000a3899600,0x00000000ad280000)
 Metaspace       used 95509K, capacity 99736K, committed 100864K, reserved 1136640K
  class space    used 11978K, capacity 12794K, committed 13056K, reserved 1048576K
}
Event: 1014.215 GC heap before
{Heap before GC invocations=28 (full 4):
 PSYoungGen      total 400384K, used 399918K [0x00000000e0000000, 0x00000000ff680000, 0x0000000100000000)
  eden space 383488K, 100% used [0x00000000e0000000,0x00000000f7680000,0x00000000f7680000)
  from space 16896K, 97% used [0x00000000f7680000,0x00000000f868ba48,0x00000000f8700000)
  to   space 65536K, 0% used [0x00000000fb680000,0x00000000fb680000,0x00000000ff680000)
 ParOldGen       total 215552K, used 57957K [0x00000000a0000000, 0x00000000ad280000, 0x00000000e0000000)
  object space 215552K, 26% used [0x00000000a0000000,0x00000000a3899600,0x00000000ad280000)
 Metaspace       used 95950K, capacity 100414K, committed 101504K, reserved 1138688K
  class space    used 12024K, capacity 12864K, committed 13184K, reserved 1048576K
Event: 1014.224 GC heap after
Heap after GC invocations=28 (full 4):
 PSYoungGen      total 450048K, used 6132K [0x00000000e0000000, 0x0000000100000000, 0x0000000100000000)
  eden space 384512K, 0% used [0x00000000e0000000,0x00000000e0000000,0x00000000f7780000)
  from space 65536K, 9% used [0x00000000fb680000,0x00000000fbc7d0b0,0x00000000ff680000)
  to   space 64512K, 0% used [0x00000000f7780000,0x00000000f7780000,0x00000000fb680000)
 ParOldGen       total 215552K, used 57965K [0x00000000a0000000, 0x00000000ad280000, 0x00000000e0000000)
  object space 215552K, 26% used [0x00000000a0000000,0x00000000a389b600,0x00000000ad280000)
 Metaspace       used 95950K, capacity 100414K, committed 101504K, reserved 1138688K
  class space    used 12024K, capacity 12864K, committed 13184K, reserved 1048576K
}
Event: 1433.257 GC heap before
{Heap before GC invocations=29 (full 4):
 PSYoungGen      total 450048K, used 390644K [0x00000000e0000000, 0x0000000100000000, 0x0000000100000000)
  eden space 384512K, 100% used [0x00000000e0000000,0x00000000f7780000,0x00000000f7780000)
  from space 65536K, 9% used [0x00000000fb680000,0x00000000fbc7d0b0,0x00000000ff680000)
  to   space 64512K, 0% used [0x00000000f7780000,0x00000000f7780000,0x00000000fb680000)
 ParOldGen       total 215552K, used 57965K [0x00000000a0000000, 0x00000000ad280000, 0x00000000e0000000)
  object space 215552K, 26% used [0x00000000a0000000,0x00000000a389b600,0x00000000ad280000)
 Metaspace       used 97277K, capacity 102100K, committed 102528K, reserved 1138688K
  class space    used 12126K, capacity 13016K, committed 13184K, reserved 1048576K
Event: 1433.274 GC heap after
Heap after GC invocations=29 (full 4):
 PSYoungGen      total 449024K, used 27077K [0x00000000e0000000, 0x00000000ffa00000, 0x0000000100000000)
  eden space 384512K, 0% used [0x00000000e0000000,0x00000000e0000000,0x00000000f7780000)
  from space 64512K, 41% used [0x00000000f7780000,0x00000000f91f1538,0x00000000fb680000)
  to   space 61952K, 0% used [0x00000000fbd80000,0x00000000fbd80000,0x00000000ffa00000)
 ParOldGen       total 215552K, used 57973K [0x00000000a0000000, 0x00000000ad280000, 0x00000000e0000000)
  object space 215552K, 26% used [0x00000000a0000000,0x00000000a389d600,0x00000000ad280000)
 Metaspace       used 97277K, capacity 102100K, committed 102528K, reserved 1138688K
  class space    used 12126K, capacity 13016K, committed 13184K, reserved 1048576K
}
Event: 1436.514 GC heap before
{Heap before GC invocations=30 (full 4):
 PSYoungGen      total 449024K, used 411589K [0x00000000e0000000, 0x00000000ffa00000, 0x0000000100000000)
  eden space 384512K, 100% used [0x00000000e0000000,0x00000000f7780000,0x00000000f7780000)
  from space 64512K, 41% used [0x00000000f7780000,0x00000000f91f1538,0x00000000fb680000)
  to   space 61952K, 0% used [0x00000000fbd80000,0x00000000fbd80000,0x00000000ffa00000)
 ParOldGen       total 215552K, used 57973K [0x00000000a0000000, 0x00000000ad280000, 0x00000000e0000000)
  object space 215552K, 26% used [0x00000000a0000000,0x00000000a389d600,0x00000000ad280000)
 Metaspace       used 97474K, capacity 102228K, committed 102784K, reserved 1138688K
  class space    used 12126K, capacity 13016K, committed 13184K, reserved 1048576K
Event: 1436.532 GC heap after
Heap after GC invocations=30 (full 4):
 PSYoungGen      total 456192K, used 21659K [0x00000000e0000000, 0x00000000ff680000, 0x0000000100000000)
  eden space 397824K, 0% used [0x00000000e0000000,0x00000000e0000000,0x00000000f8480000)
  from space 58368K, 37% used [0x00000000fbd80000,0x00000000fd2a6ea0,0x00000000ff680000)
  to   space 58368K, 0% used [0x00000000f8480000,0x00000000f8480000,0x00000000fbd80000)
 ParOldGen       total 215552K, used 57981K [0x00000000a0000000, 0x00000000ad280000, 0x00000000e0000000)
  object space 215552K, 26% used [0x00000000a0000000,0x00000000a389f600,0x00000000ad280000)
 Metaspace       used 97474K, capacity 102228K, committed 102784K, reserved 1138688K
  class space    used 12126K, capacity 13016K, committed 13184K, reserved 1048576K
}

