# JRE version: OpenJDK Runtime Environment (8.0_152-b01) (build 1.8.0_152-release-1343-b01)
# Java VM: OpenJDK 64-Bit Server VM (25.152-b01 mixed mode windows-amd64 compressed oops)
Heap:
 PSYoungGen      total 97280K, used 32114K [0x00000000e0000000, 0x00000000e6b00000, 0x0000000100000000)
  eden space 84992K, 24% used [0x00000000e0000000,0x00000000e13f7be0,0x00000000e5300000)
  from space 12288K, 94% used [0x00000000e5300000,0x00000000e5e64f00,0x00000000e5f00000)
  to   space 7680K, 0% used [0x00000000e6380000,0x00000000e6380000,0x00000000e6b00000)
 ParOldGen       total 58368K, used 15944K [0x00000000a0000000, 0x00000000a3900000, 0x00000000e0000000)
  object space 58368K, 27% used [0x00000000a0000000,0x00000000a0f92040,0x00000000a3900000)
 Metaspace       used 45290K, capacity 46220K, committed 46632K, reserved 1091584K
  class space    used 6130K, capacity 6391K, committed 6440K, reserved 1048576K
GC Heap History (10 events):
Event: 3.456 GC heap before
{Heap before GC invocations=10 (full 1):
 PSYoungGen      total 76288K, used 60089K [0x00000000e0000000, 0x00000000e5500000, 0x0000000100000000)
  eden space 66560K, 77% used [0x00000000e0000000,0x00000000e3235bf8,0x00000000e4100000)
  from space 9728K, 89% used [0x00000000e4b80000,0x00000000e53f8b78,0x00000000e5500000)
  to   space 10240K, 0% used [0x00000000e4100000,0x00000000e4100000,0x00000000e4b00000)
 ParOldGen       total 58368K, used 7970K [0x00000000a0000000, 0x00000000a3900000, 0x00000000e0000000)
  object space 58368K, 13% used [0x00000000a0000000,0x00000000a07c8af8,0x00000000a3900000)
 Metaspace       used 34728K, capacity 35466K, committed 35496K, reserved 1079296K
  class space    used 4804K, capacity 5010K, committed 5032K, reserved 1048576K
Event: 3.463 GC heap after
Heap after GC invocations=10 (full 1):
 PSYoungGen      total 76800K, used 10026K [0x00000000e0000000, 0x00000000e6f00000, 0x0000000100000000)
  eden space 66560K, 0% used [0x00000000e0000000,0x00000000e0000000,0x00000000e4100000)
  from space 10240K, 97% used [0x00000000e4100000,0x00000000e4acaaf0,0x00000000e4b00000)
  to   space 11776K, 0% used [0x00000000e6380000,0x00000000e6380000,0x00000000e6f00000)
 ParOldGen       total 58368K, used 7978K [0x00000000a0000000, 0x00000000a3900000, 0x00000000e0000000)
  object space 58368K, 13% used [0x00000000a0000000,0x00000000a07caaf8,0x00000000a3900000)
 Metaspace       used 34728K, capacity 35466K, committed 35496K, reserved 1079296K
  class space    used 4804K, capacity 5010K, committed 5032K, reserved 1048576K
}
Event: 3.463 GC heap before
{Heap before GC invocations=11 (full 2):
 PSYoungGen      total 76800K, used 10026K [0x00000000e0000000, 0x00000000e6f00000, 0x0000000100000000)
  eden space 66560K, 0% used [0x00000000e0000000,0x00000000e0000000,0x00000000e4100000)
  from space 10240K, 97% used [0x00000000e4100000,0x00000000e4acaaf0,0x00000000e4b00000)
  to   space 11776K, 0% used [0x00000000e6380000,0x00000000e6380000,0x00000000e6f00000)
 ParOldGen       total 58368K, used 7978K [0x00000000a0000000, 0x00000000a3900000, 0x00000000e0000000)
  object space 58368K, 13% used [0x00000000a0000000,0x00000000a07caaf8,0x00000000a3900000)
 Metaspace       used 34728K, capacity 35466K, committed 35496K, reserved 1079296K
  class space    used 4804K, capacity 5010K, committed 5032K, reserved 1048576K
Event: 3.506 GC heap after
Heap after GC invocations=11 (full 2):
 PSYoungGen      total 76800K, used 0K [0x00000000e0000000, 0x00000000e6f00000, 0x0000000100000000)
  eden space 66560K, 0% used [0x00000000e0000000,0x00000000e0000000,0x00000000e4100000)
  from space 10240K, 0% used [0x00000000e4100000,0x00000000e4100000,0x00000000e4b00000)
  to   space 11776K, 0% used [0x00000000e6380000,0x00000000e6380000,0x00000000e6f00000)
 ParOldGen       total 58368K, used 16865K [0x00000000a0000000, 0x00000000a3900000, 0x00000000e0000000)
  object space 58368K, 28% used [0x00000000a0000000,0x00000000a10785a0,0x00000000a3900000)
 Metaspace       used 34696K, capacity 35358K, committed 35496K, reserved 1079296K
  class space    used 4794K, capacity 4992K, committed 5032K, reserved 1048576K
}
Event: 3.613 GC heap before
{Heap before GC invocations=12 (full 2):
 PSYoungGen      total 76800K, used 7198K [0x00000000e0000000, 0x00000000e6f00000, 0x0000000100000000)
  eden space 66560K, 10% used [0x00000000e0000000,0x00000000e0707970,0x00000000e4100000)
  from space 10240K, 0% used [0x00000000e4100000,0x00000000e4100000,0x00000000e4b00000)
  to   space 11776K, 0% used [0x00000000e6380000,0x00000000e6380000,0x00000000e6f00000)
 ParOldGen       total 58368K, used 16865K [0x00000000a0000000, 0x00000000a3900000, 0x00000000e0000000)
  object space 58368K, 28% used [0x00000000a0000000,0x00000000a10785a0,0x00000000a3900000)
 Metaspace       used 36508K, capacity 37168K, committed 37288K, reserved 1085440K
  class space    used 5045K, capacity 5276K, committed 5288K, reserved 1048576K
Event: 3.615 GC heap after
Heap after GC invocations=12 (full 2):
 PSYoungGen      total 92672K, used 1355K [0x00000000e0000000, 0x00000000e6b00000, 0x0000000100000000)
  eden space 84992K, 0% used [0x00000000e0000000,0x00000000e0000000,0x00000000e5300000)
  from space 7680K, 17% used [0x00000000e6380000,0x00000000e64d2c98,0x00000000e6b00000)
  to   space 12288K, 0% used [0x00000000e5300000,0x00000000e5300000,0x00000000e5f00000)
 ParOldGen       total 58368K, used 16873K [0x00000000a0000000, 0x00000000a3900000, 0x00000000e0000000)
  object space 58368K, 28% used [0x00000000a0000000,0x00000000a107a5a0,0x00000000a3900000)
 Metaspace       used 36508K, capacity 37168K, committed 37288K, reserved 1085440K
  class space    used 5045K, capacity 5276K, committed 5288K, reserved 1048576K
}
Event: 3.615 GC heap before
{Heap before GC invocations=13 (full 3):
 PSYoungGen      total 92672K, used 1355K [0x00000000e0000000, 0x00000000e6b00000, 0x0000000100000000)
  eden space 84992K, 0% used [0x00000000e0000000,0x00000000e0000000,0x00000000e5300000)
  from space 7680K, 17% used [0x00000000e6380000,0x00000000e64d2c98,0x00000000e6b00000)
  to   space 12288K, 0% used [0x00000000e5300000,0x00000000e5300000,0x00000000e5f00000)
 ParOldGen       total 58368K, used 16873K [0x00000000a0000000, 0x00000000a3900000, 0x00000000e0000000)
  object space 58368K, 28% used [0x00000000a0000000,0x00000000a107a5a0,0x00000000a3900000)
 Metaspace       used 36508K, capacity 37168K, committed 37288K, reserved 1085440K
  class space    used 5045K, capacity 5276K, committed 5288K, reserved 1048576K
Event: 3.786 GC heap after
Heap after GC invocations=13 (full 3):
 PSYoungGen      total 92672K, used 0K [0x00000000e0000000, 0x00000000e6b00000, 0x0000000100000000)
  eden space 84992K, 0% used [0x00000000e0000000,0x00000000e0000000,0x00000000e5300000)
  from space 7680K, 0% used [0x00000000e6380000,0x00000000e6380000,0x00000000e6b00000)
  to   space 12288K, 0% used [0x00000000e5300000,0x00000000e5300000,0x00000000e5f00000)
 ParOldGen       total 58368K, used 15936K [0x00000000a0000000, 0x00000000a3900000, 0x00000000e0000000)
  object space 58368K, 27% used [0x00000000a0000000,0x00000000a0f90040,0x00000000a3900000)
 Metaspace       used 36508K, capacity 37168K, committed 37288K, reserved 1083392K
  class space    used 5045K, capacity 5276K, committed 5288K, reserved 1048576K
}
Event: 4.478 GC heap before
{Heap before GC invocations=14 (full 3):
 PSYoungGen      total 92672K, used 84992K [0x00000000e0000000, 0x00000000e6b00000, 0x0000000100000000)
  eden space 84992K, 100% used [0x00000000e0000000,0x00000000e5300000,0x00000000e5300000)
  from space 7680K, 0% used [0x00000000e6380000,0x00000000e6380000,0x00000000e6b00000)
  to   space 12288K, 0% used [0x00000000e5300000,0x00000000e5300000,0x00000000e5f00000)
 ParOldGen       total 58368K, used 15936K [0x00000000a0000000, 0x00000000a3900000, 0x00000000e0000000)
  object space 58368K, 27% used [0x00000000a0000000,0x00000000a0f90040,0x00000000a3900000)
 Metaspace       used 44377K, capacity 45280K, committed 45480K, reserved 1089536K
  class space    used 5986K, capacity 6251K, committed 6312K, reserved 1048576K
Event: 4.487 GC heap after
Heap after GC invocations=14 (full 3):
 PSYoungGen      total 97280K, used 11667K [0x00000000e0000000, 0x00000000e6b00000, 0x0000000100000000)
  eden space 84992K, 0% used [0x00000000e0000000,0x00000000e0000000,0x00000000e5300000)
  from space 12288K, 94% used [0x00000000e5300000,0x00000000e5e64f00,0x00000000e5f00000)
  to   space 7680K, 0% used [0x00000000e6380000,0x00000000e6380000,0x00000000e6b00000)
 ParOldGen       total 58368K, used 15944K [0x00000000a0000000, 0x00000000a3900000, 0x00000000e0000000)
  object space 58368K, 27% used [0x00000000a0000000,0x00000000a0f92040,0x00000000a3900000)
 Metaspace       used 44377K, capacity 45280K, committed 45480K, reserved 1089536K
  class space    used 5986K, capacity 6251K, committed 6312K, reserved 1048576K
}

