# JRE version: OpenJDK Runtime Environment (8.0_152-b01) (build 1.8.0_152-release-1343-b01)
# Java VM: OpenJDK 64-Bit Server VM (25.152-b01 mixed mode windows-amd64 compressed oops)
Heap:
 PSYoungGen      total 196096K, used 121113K [0x00000000e0000000, 0x00000000eee80000, 0x0000000100000000)
  eden space 177664K, 57% used [0x00000000e0000000,0x00000000e644a708,0x00000000ead80000)
  from space 18432K, 99% used [0x00000000ead80000,0x00000000ebf7c058,0x00000000ebf80000)
  to   space 23040K, 0% used [0x00000000ed800000,0x00000000ed800000,0x00000000eee80000)
 ParOldGen       total 135168K, used 42060K [0x00000000a0000000, 0x00000000a8400000, 0x00000000e0000000)
  object space 135168K, 31% used [0x00000000a0000000,0x00000000a2913198,0x00000000a8400000)
 Metaspace       used 71304K, capacity 74780K, committed 75032K, reserved 1114112K
  class space    used 9607K, capacity 10255K, committed 10264K, reserved 1048576K
GC Heap History (10 events):
Event: 4.099 GC heap before
{Heap before GC invocations=12 (full 2):
 PSYoungGen      total 119808K, used 109056K [0x00000000e0000000, 0x00000000eaa80000, 0x0000000100000000)
  eden space 109056K, 100% used [0x00000000e0000000,0x00000000e6a80000,0x00000000e6a80000)
  from space 10752K, 0% used [0x00000000e6a80000,0x00000000e6a80000,0x00000000e7500000)
  to   space 11776K, 0% used [0x00000000e9f00000,0x00000000e9f00000,0x00000000eaa80000)
 ParOldGen       total 86528K, used 16632K [0x00000000a0000000, 0x00000000a5480000, 0x00000000e0000000)
  object space 86528K, 19% used [0x00000000a0000000,0x00000000a103e030,0x00000000a5480000)
 Metaspace       used 44561K, capacity 45544K, committed 45736K, reserved 1089536K
  class space    used 6012K, capacity 6275K, committed 6312K, reserved 1048576K
Event: 4.112 GC heap after
Heap after GC invocations=12 (full 2):
 PSYoungGen      total 153600K, used 11751K [0x00000000e0000000, 0x00000000eaa80000, 0x0000000100000000)
  eden space 141824K, 0% used [0x00000000e0000000,0x00000000e0000000,0x00000000e8a80000)
  from space 11776K, 99% used [0x00000000e9f00000,0x00000000eaa79df8,0x00000000eaa80000)
  to   space 13824K, 0% used [0x00000000e8f80000,0x00000000e8f80000,0x00000000e9d00000)
 ParOldGen       total 86528K, used 18968K [0x00000000a0000000, 0x00000000a5480000, 0x00000000e0000000)
  object space 86528K, 21% used [0x00000000a0000000,0x00000000a1286300,0x00000000a5480000)
 Metaspace       used 44561K, capacity 45544K, committed 45736K, reserved 1089536K
  class space    used 6012K, capacity 6275K, committed 6312K, reserved 1048576K
}
Event: 5.156 GC heap before
{Heap before GC invocations=13 (full 2):
 PSYoungGen      total 153600K, used 145796K [0x00000000e0000000, 0x00000000eaa80000, 0x0000000100000000)
  eden space 141824K, 94% used [0x00000000e0000000,0x00000000e82e7498,0x00000000e8a80000)
  from space 11776K, 99% used [0x00000000e9f00000,0x00000000eaa79df8,0x00000000eaa80000)
  to   space 13824K, 0% used [0x00000000e8f80000,0x00000000e8f80000,0x00000000e9d00000)
 ParOldGen       total 86528K, used 18968K [0x00000000a0000000, 0x00000000a5480000, 0x00000000e0000000)
  object space 86528K, 21% used [0x00000000a0000000,0x00000000a1286300,0x00000000a5480000)
 Metaspace       used 57612K, capacity 59084K, committed 59160K, reserved 1099776K
  class space    used 7818K, capacity 8173K, committed 8216K, reserved 1048576K
Event: 5.176 GC heap after
Heap after GC invocations=13 (full 2):
 PSYoungGen      total 160768K, used 13801K [0x00000000e0000000, 0x00000000ed780000, 0x0000000100000000)
  eden space 146944K, 0% used [0x00000000e0000000,0x00000000e0000000,0x00000000e8f80000)
  from space 13824K, 99% used [0x00000000e8f80000,0x00000000e9cfa6a8,0x00000000e9d00000)
  to   space 18432K, 0% used [0x00000000ec580000,0x00000000ec580000,0x00000000ed780000)
 ParOldGen       total 86528K, used 26889K [0x00000000a0000000, 0x00000000a5480000, 0x00000000e0000000)
  object space 86528K, 31% used [0x00000000a0000000,0x00000000a1a42550,0x00000000a5480000)
 Metaspace       used 57612K, capacity 59084K, committed 59160K, reserved 1099776K
  class space    used 7818K, capacity 8173K, committed 8216K, reserved 1048576K
}
Event: 5.176 GC heap before
{Heap before GC invocations=14 (full 3):
 PSYoungGen      total 160768K, used 13801K [0x00000000e0000000, 0x00000000ed780000, 0x0000000100000000)
  eden space 146944K, 0% used [0x00000000e0000000,0x00000000e0000000,0x00000000e8f80000)
  from space 13824K, 99% used [0x00000000e8f80000,0x00000000e9cfa6a8,0x00000000e9d00000)
  to   space 18432K, 0% used [0x00000000ec580000,0x00000000ec580000,0x00000000ed780000)
 ParOldGen       total 86528K, used 26889K [0x00000000a0000000, 0x00000000a5480000, 0x00000000e0000000)
  object space 86528K, 31% used [0x00000000a0000000,0x00000000a1a42550,0x00000000a5480000)
 Metaspace       used 57612K, capacity 59084K, committed 59160K, reserved 1099776K
  class space    used 7818K, capacity 8173K, committed 8216K, reserved 1048576K
Event: 5.385 GC heap after
Heap after GC invocations=14 (full 3):
 PSYoungGen      total 160768K, used 0K [0x00000000e0000000, 0x00000000ed780000, 0x0000000100000000)
  eden space 146944K, 0% used [0x00000000e0000000,0x00000000e0000000,0x00000000e8f80000)
  from space 13824K, 0% used [0x00000000e8f80000,0x00000000e8f80000,0x00000000e9d00000)
  to   space 18432K, 0% used [0x00000000ec580000,0x00000000ec580000,0x00000000ed780000)
 ParOldGen       total 135168K, used 35182K [0x00000000a0000000, 0x00000000a8400000, 0x00000000e0000000)
  object space 135168K, 26% used [0x00000000a0000000,0x00000000a225ba88,0x00000000a8400000)
 Metaspace       used 57612K, capacity 59084K, committed 59160K, reserved 1099776K
  class space    used 7818K, capacity 8173K, committed 8216K, reserved 1048576K
}
Event: 7.015 GC heap before
{Heap before GC invocations=15 (full 3):
 PSYoungGen      total 160768K, used 146944K [0x00000000e0000000, 0x00000000ed780000, 0x0000000100000000)
  eden space 146944K, 100% used [0x00000000e0000000,0x00000000e8f80000,0x00000000e8f80000)
  from space 13824K, 0% used [0x00000000e8f80000,0x00000000e8f80000,0x00000000e9d00000)
  to   space 18432K, 0% used [0x00000000ec580000,0x00000000ec580000,0x00000000ed780000)
 ParOldGen       total 135168K, used 35182K [0x00000000a0000000, 0x00000000a8400000, 0x00000000e0000000)
  object space 135168K, 26% used [0x00000000a0000000,0x00000000a225ba88,0x00000000a8400000)
 Metaspace       used 61523K, capacity 63584K, committed 63896K, reserved 1103872K
  class space    used 8349K, capacity 8799K, committed 8856K, reserved 1048576K
Event: 7.025 GC heap after
Heap after GC invocations=15 (full 3):
 PSYoungGen      total 182784K, used 11963K [0x00000000e0000000, 0x00000000ed180000, 0x0000000100000000)
  eden space 170496K, 0% used [0x00000000e0000000,0x00000000e0000000,0x00000000ea680000)
  from space 12288K, 97% used [0x00000000ec580000,0x00000000ed12ec80,0x00000000ed180000)
  to   space 18432K, 0% used [0x00000000ead80000,0x00000000ead80000,0x00000000ebf80000)
 ParOldGen       total 135168K, used 35190K [0x00000000a0000000, 0x00000000a8400000, 0x00000000e0000000)
  object space 135168K, 26% used [0x00000000a0000000,0x00000000a225da88,0x00000000a8400000)
 Metaspace       used 61523K, capacity 63584K, committed 63896K, reserved 1103872K
  class space    used 8349K, capacity 8799K, committed 8856K, reserved 1048576K
}
Event: 8.146 GC heap before
{Heap before GC invocations=16 (full 3):
 PSYoungGen      total 182784K, used 182459K [0x00000000e0000000, 0x00000000ed180000, 0x0000000100000000)
  eden space 170496K, 100% used [0x00000000e0000000,0x00000000ea680000,0x00000000ea680000)
  from space 12288K, 97% used [0x00000000ec580000,0x00000000ed12ec80,0x00000000ed180000)
  to   space 18432K, 0% used [0x00000000ead80000,0x00000000ead80000,0x00000000ebf80000)
 ParOldGen       total 135168K, used 35190K [0x00000000a0000000, 0x00000000a8400000, 0x00000000e0000000)
  object space 135168K, 26% used [0x00000000a0000000,0x00000000a225da88,0x00000000a8400000)
 Metaspace       used 71004K, capacity 74422K, committed 74520K, reserved 1114112K
  class space    used 9603K, capacity 10254K, committed 10264K, reserved 1048576K
Event: 8.168 GC heap after
Heap after GC invocations=16 (full 3):
 PSYoungGen      total 196096K, used 18416K [0x00000000e0000000, 0x00000000eee80000, 0x0000000100000000)
  eden space 177664K, 0% used [0x00000000e0000000,0x00000000e0000000,0x00000000ead80000)
  from space 18432K, 99% used [0x00000000ead80000,0x00000000ebf7c058,0x00000000ebf80000)
  to   space 23040K, 0% used [0x00000000ed800000,0x00000000ed800000,0x00000000eee80000)
 ParOldGen       total 135168K, used 42060K [0x00000000a0000000, 0x00000000a8400000, 0x00000000e0000000)
  object space 135168K, 31% used [0x00000000a0000000,0x00000000a2913198,0x00000000a8400000)
 Metaspace       used 71004K, capacity 74422K, committed 74520K, reserved 1114112K
  class space    used 9603K, capacity 10254K, committed 10264K, reserved 1048576K
}

