# JRE version: OpenJDK Runtime Environment (8.0_152-b01) (build 1.8.0_152-release-1343-b01)
# Java VM: OpenJDK 64-Bit Server VM (25.152-b01 mixed mode windows-amd64 compressed oops)
Heap:
 PSYoungGen      total 478208K, used 145855K [0x00000000e0000000, 0x0000000100000000, 0x0000000100000000)
  eden space 435200K, 29% used [0x00000000e0000000,0x00000000e7e19520,0x00000000fa900000)
  from space 43008K, 38% used [0x00000000fd280000,0x00000000fe2d6918,0x00000000ffc80000)
  to   space 42496K, 0% used [0x00000000fa900000,0x00000000fa900000,0x00000000fd280000)
 ParOldGen       total 233984K, used 51370K [0x00000000a0000000, 0x00000000ae480000, 0x00000000e0000000)
  object space 233984K, 21% used [0x00000000a0000000,0x00000000a322aa40,0x00000000ae480000)
 Metaspace       used 93172K, capacity 97668K, committed 99992K, reserved 1136640K
  class space    used 11634K, capacity 12437K, committed 12968K, reserved 1048576K
GC Heap History (10 events):
Event: 1401.121 GC heap before
{Heap before GC invocations=26 (full 4):
 PSYoungGen      total 461824K, used 450941K [0x00000000e0000000, 0x0000000100000000, 0x0000000100000000)
  eden space 420352K, 100% used [0x00000000e0000000,0x00000000f9a80000,0x00000000f9a80000)
  from space 41472K, 73% used [0x00000000f9a80000,0x00000000fb85f410,0x00000000fc300000)
  to   space 43520K, 0% used [0x00000000fd580000,0x00000000fd580000,0x0000000100000000)
 ParOldGen       total 233984K, used 51354K [0x00000000a0000000, 0x00000000ae480000, 0x00000000e0000000)
  object space 233984K, 21% used [0x00000000a0000000,0x00000000a3226a40,0x00000000ae480000)
 Metaspace       used 92888K, capacity 97336K, committed 99736K, reserved 1136640K
  class space    used 11631K, capacity 12437K, committed 12968K, reserved 1048576K
Event: 1401.141 GC heap after
Heap after GC invocations=26 (full 4):
 PSYoungGen      total 478720K, used 30366K [0x00000000e0000000, 0x0000000100000000, 0x0000000100000000)
  eden space 435200K, 0% used [0x00000000e0000000,0x00000000e0000000,0x00000000fa900000)
  from space 43520K, 69% used [0x00000000fd580000,0x00000000ff327a98,0x0000000100000000)
  to   space 44544K, 0% used [0x00000000fa900000,0x00000000fa900000,0x00000000fd480000)
 ParOldGen       total 233984K, used 51362K [0x00000000a0000000, 0x00000000ae480000, 0x00000000e0000000)
  object space 233984K, 21% used [0x00000000a0000000,0x00000000a3228a40,0x00000000ae480000)
 Metaspace       used 92888K, capacity 97336K, committed 99736K, reserved 1136640K
  class space    used 11631K, capacity 12437K, committed 12968K, reserved 1048576K
}
Event: 1401.823 GC heap before
{Heap before GC invocations=27 (full 4):
 PSYoungGen      total 478720K, used 465566K [0x00000000e0000000, 0x0000000100000000, 0x0000000100000000)
  eden space 435200K, 100% used [0x00000000e0000000,0x00000000fa900000,0x00000000fa900000)
  from space 43520K, 69% used [0x00000000fd580000,0x00000000ff327a98,0x0000000100000000)
  to   space 44544K, 0% used [0x00000000fa900000,0x00000000fa900000,0x00000000fd480000)
 ParOldGen       total 233984K, used 51362K [0x00000000a0000000, 0x00000000ae480000, 0x00000000e0000000)
  object space 233984K, 21% used [0x00000000a0000000,0x00000000a3228a40,0x00000000ae480000)
 Metaspace       used 92920K, capacity 97400K, committed 99736K, reserved 1136640K
  class space    used 11631K, capacity 12437K, committed 12968K, reserved 1048576K
Event: 1401.842 GC heap after
Heap after GC invocations=27 (full 4):
 PSYoungGen      total 479744K, used 27713K [0x00000000e0000000, 0x0000000100000000, 0x0000000100000000)
  eden space 435200K, 0% used [0x00000000e0000000,0x00000000e0000000,0x00000000fa900000)
  from space 44544K, 62% used [0x00000000fa900000,0x00000000fc410608,0x00000000fd480000)
  to   space 44544K, 0% used [0x00000000fd480000,0x00000000fd480000,0x0000000100000000)
 ParOldGen       total 233984K, used 51362K [0x00000000a0000000, 0x00000000ae480000, 0x00000000e0000000)
  object space 233984K, 21% used [0x00000000a0000000,0x00000000a3228a40,0x00000000ae480000)
 Metaspace       used 92920K, capacity 97400K, committed 99736K, reserved 1136640K
  class space    used 11631K, capacity 12437K, committed 12968K, reserved 1048576K
}
Event: 1402.682 GC heap before
{Heap before GC invocations=28 (full 4):
 PSYoungGen      total 479744K, used 462913K [0x00000000e0000000, 0x0000000100000000, 0x0000000100000000)
  eden space 435200K, 100% used [0x00000000e0000000,0x00000000fa900000,0x00000000fa900000)
  from space 44544K, 62% used [0x00000000fa900000,0x00000000fc410608,0x00000000fd480000)
  to   space 44544K, 0% used [0x00000000fd480000,0x00000000fd480000,0x0000000100000000)
 ParOldGen       total 233984K, used 51362K [0x00000000a0000000, 0x00000000ae480000, 0x00000000e0000000)
  object space 233984K, 21% used [0x00000000a0000000,0x00000000a3228a40,0x00000000ae480000)
 Metaspace       used 92993K, capacity 97400K, committed 99736K, reserved 1136640K
  class space    used 11631K, capacity 12437K, committed 12968K, reserved 1048576K
Event: 1402.709 GC heap after
Heap after GC invocations=28 (full 4):
 PSYoungGen      total 478720K, used 30261K [0x00000000e0000000, 0x0000000100000000, 0x0000000100000000)
  eden space 434176K, 0% used [0x00000000e0000000,0x00000000e0000000,0x00000000fa800000)
  from space 44544K, 67% used [0x00000000fd480000,0x00000000ff20d618,0x0000000100000000)
  to   space 45056K, 0% used [0x00000000fa800000,0x00000000fa800000,0x00000000fd400000)
 ParOldGen       total 233984K, used 51362K [0x00000000a0000000, 0x00000000ae480000, 0x00000000e0000000)
  object space 233984K, 21% used [0x00000000a0000000,0x00000000a3228a40,0x00000000ae480000)
 Metaspace       used 92993K, capacity 97400K, committed 99736K, reserved 1136640K
  class space    used 11631K, capacity 12437K, committed 12968K, reserved 1048576K
}
Event: 1403.829 GC heap before
{Heap before GC invocations=29 (full 4):
 PSYoungGen      total 478720K, used 464437K [0x00000000e0000000, 0x0000000100000000, 0x0000000100000000)
  eden space 434176K, 100% used [0x00000000e0000000,0x00000000fa800000,0x00000000fa800000)
  from space 44544K, 67% used [0x00000000fd480000,0x00000000ff20d618,0x0000000100000000)
  to   space 45056K, 0% used [0x00000000fa800000,0x00000000fa800000,0x00000000fd400000)
 ParOldGen       total 233984K, used 51362K [0x00000000a0000000, 0x00000000ae480000, 0x00000000e0000000)
  object space 233984K, 21% used [0x00000000a0000000,0x00000000a3228a40,0x00000000ae480000)
 Metaspace       used 93104K, capacity 97600K, committed 99992K, reserved 1136640K
  class space    used 11631K, capacity 12437K, committed 12968K, reserved 1048576K
Event: 1403.848 GC heap after
Heap after GC invocations=29 (full 4):
 PSYoungGen      total 457728K, used 23534K [0x00000000e0000000, 0x00000000ffc80000, 0x0000000100000000)
  eden space 434176K, 0% used [0x00000000e0000000,0x00000000e0000000,0x00000000fa800000)
  from space 23552K, 99% used [0x00000000fa800000,0x00000000fbefb8a0,0x00000000fbf00000)
  to   space 43008K, 0% used [0x00000000fd280000,0x00000000fd280000,0x00000000ffc80000)
 ParOldGen       total 233984K, used 51362K [0x00000000a0000000, 0x00000000ae480000, 0x00000000e0000000)
  object space 233984K, 21% used [0x00000000a0000000,0x00000000a3228a40,0x00000000ae480000)
 Metaspace       used 93104K, capacity 97600K, committed 99992K, reserved 1136640K
  class space    used 11631K, capacity 12437K, committed 12968K, reserved 1048576K
}
Event: 1405.356 GC heap before
{Heap before GC invocations=30 (full 4):
 PSYoungGen      total 457728K, used 457710K [0x00000000e0000000, 0x00000000ffc80000, 0x0000000100000000)
  eden space 434176K, 100% used [0x00000000e0000000,0x00000000fa800000,0x00000000fa800000)
  from space 23552K, 99% used [0x00000000fa800000,0x00000000fbefb8a0,0x00000000fbf00000)
  to   space 43008K, 0% used [0x00000000fd280000,0x00000000fd280000,0x00000000ffc80000)
 ParOldGen       total 233984K, used 51362K [0x00000000a0000000, 0x00000000ae480000, 0x00000000e0000000)
  object space 233984K, 21% used [0x00000000a0000000,0x00000000a3228a40,0x00000000ae480000)
 Metaspace       used 93120K, capacity 97604K, committed 99992K, reserved 1136640K
  class space    used 11631K, capacity 12437K, committed 12968K, reserved 1048576K
Event: 1405.385 GC heap after
Heap after GC invocations=30 (full 4):
 PSYoungGen      total 478208K, used 16730K [0x00000000e0000000, 0x0000000100000000, 0x0000000100000000)
  eden space 435200K, 0% used [0x00000000e0000000,0x00000000e0000000,0x00000000fa900000)
  from space 43008K, 38% used [0x00000000fd280000,0x00000000fe2d6918,0x00000000ffc80000)
  to   space 42496K, 0% used [0x00000000fa900000,0x00000000fa900000,0x00000000fd280000)
 ParOldGen       total 233984K, used 51370K [0x00000000a0000000, 0x00000000ae480000, 0x00000000e0000000)
  object space 233984K, 21% used [0x00000000a0000000,0x00000000a322aa40,0x00000000ae480000)
 Metaspace       used 93120K, capacity 97604K, committed 99992K, reserved 1136640K
  class space    used 11631K, capacity 12437K, committed 12968K, reserved 1048576K
}

